Log file open, 11/30/18 13:26:44
LogWindows: Failed to load 'aqProf.dll' (GetLastError=126)
LogWindows: File 'aqProf.dll' does not exist
LogWindows: Failed to load 'VtuneApi.dll' (GetLastError=126)
LogWindows: File 'VtuneApi.dll' does not exist
LogWindows: Failed to load 'VtuneApi32e.dll' (GetLastError=126)
LogWindows: File 'VtuneApi32e.dll' does not exist
LogConsoleResponse: Display: Failed to find resolution value strings in scalability ini. Falling back to default.
LogInit: Display: Running engine for game: Dynamesh
LogPakFile: Registered encryption key '00000000000000000000000000000000': 0 pak files mounted, 0 remain pending
LogPlatformFile: Not using cached read wrapper
LogTaskGraph: Started task graph with 5 named threads and 23 total threads with 3 sets of task threads.
LogStats: Stats thread started at 0.292923
LogD3D11RHI: Loaded GFSDK_Aftermath_Lib.x64.dll
LogICUInternationalization: ICU TimeZone Detection - Raw Offset: -3:00, Platform Override: ''
LogPluginManager: Mounting plugin Paper2D
LogPluginManager: Mounting plugin AISupport
LogPluginManager: Mounting plugin LightPropagationVolume
LogPluginManager: Mounting plugin ActorLayerUtilities
LogPluginManager: Mounting plugin CLionSourceCodeAccess
LogPluginManager: Mounting plugin CodeLiteSourceCodeAccess
LogPluginManager: Mounting plugin GitSourceControl
LogPluginManager: Mounting plugin KDevelopSourceCodeAccess
LogPluginManager: Mounting plugin NullSourceCodeAccess
LogPluginManager: Mounting plugin PerforceSourceControl
LogPluginManager: Mounting plugin SubversionSourceControl
LogPluginManager: Mounting plugin UObjectPlugin
LogPluginManager: Mounting plugin VisualStudioCodeSourceCodeAccess
LogPluginManager: Mounting plugin VisualStudioSourceCodeAccess
LogPluginManager: Mounting plugin XCodeSourceCodeAccess
LogPluginManager: Mounting plugin AssetManagerEditor
LogPluginManager: Mounting plugin CryptoKeys
LogPluginManager: Mounting plugin DataValidation
LogPluginManager: Mounting plugin EditorScriptingUtilities
LogPluginManager: Mounting plugin FacialAnimation
LogPluginManager: Mounting plugin GameplayTagsEditor
LogPluginManager: Mounting plugin MacGraphicsSwitching
LogPluginManager: Mounting plugin MeshEditor
LogPluginManager: Mounting plugin MobileLauncherProfileWizard
LogPluginManager: Mounting plugin PluginBrowser
LogPluginManager: Mounting plugin SpeedTreeImporter
LogPluginManager: Mounting plugin DatasmithContent
LogPluginManager: Mounting plugin VariantManagerContent
LogPluginManager: Mounting plugin AlembicImporter
LogPluginManager: Mounting plugin AppleImageUtils
LogPluginManager: Mounting plugin AppleVision
LogPluginManager: Mounting plugin BackChannel
LogPluginManager: Mounting plugin CharacterAI
LogPluginManager: Mounting plugin GeometryCache
LogPluginManager: Mounting plugin HTML5Networking
LogPluginManager: Mounting plugin ProxyLODPlugin
LogPluginManager: Mounting plugin MagicLeap
LogPluginManager: Mounting plugin MagicLeapMedia
LogPluginManager: Mounting plugin AndroidMedia
LogPluginManager: Mounting plugin AvfMedia
LogPluginManager: Mounting plugin ImgMedia
LogPluginManager: Mounting plugin LinearTimecode
LogPluginManager: Mounting plugin MediaCompositing
LogPluginManager: Mounting plugin MediaPlayerEditor
LogPluginManager: Mounting plugin WebMMedia
LogPluginManager: Mounting plugin WmfMedia
LogPluginManager: Mounting plugin TcpMessaging
LogPluginManager: Mounting plugin UdpMessaging
LogPluginManager: Mounting plugin ActorSequence
LogPluginManager: Mounting plugin LevelSequenceEditor
LogPluginManager: Mounting plugin MatineeToLevelSequence
LogPluginManager: Mounting plugin NetcodeUnitTest
LogPluginManager: Mounting plugin NUTUnrealEngine4
LogPluginManager: Mounting plugin OnlineSubsystemGooglePlay
LogPluginManager: Mounting plugin OnlineSubsystemIOS
LogPluginManager: Mounting plugin OnlineSubsystem
LogPluginManager: Mounting plugin OnlineSubsystemNull
LogPluginManager: Mounting plugin OnlineSubsystemUtils
LogPluginManager: Mounting plugin LauncherChunkInstaller
LogPluginManager: Mounting plugin AndroidDeviceProfileSelector
LogPluginManager: Mounting plugin AndroidMoviePlayer
LogPluginManager: Mounting plugin AndroidPermission
LogPluginManager: Mounting plugin AppleMoviePlayer
LogPluginManager: Mounting plugin ArchVisCharacter
LogPluginManager: Mounting plugin AudioCapture
LogPluginManager: Mounting plugin CableComponent
LogPluginManager: Mounting plugin CustomMeshComponent
LogPluginManager: Mounting plugin EditableMesh
LogPluginManager: Mounting plugin ExampleDeviceProfileSelector
LogPluginManager: Mounting plugin Firebase
LogPluginManager: Mounting plugin GoogleCloudMessaging
LogPluginManager: Mounting plugin IOSDeviceProfileSelector
LogPluginManager: Mounting plugin LinuxDeviceProfileSelector
LogPluginManager: Mounting plugin LocationServicesBPLibrary
LogPluginManager: Mounting plugin MobilePatchingUtils
LogPluginManager: Mounting plugin OculusVR
LogPluginManager: Mounting plugin PhysXVehicles
LogPluginManager: Mounting plugin ProceduralMeshComponent
LogPluginManager: Mounting plugin RuntimePhysXCooking
LogPluginManager: Mounting plugin SteamVR
LogPluginManager: Mounting plugin WebMMoviePlayer
LogPluginManager: Mounting plugin WindowsMoviePlayer
LogPluginManager: Mounting plugin DatasmithCADImporter
LogPluginManager: Mounting plugin DatasmithFBXImporter
LogPluginManager: Mounting plugin DatasmithImporter
LogPluginManager: Mounting plugin MDLImporter
LogPluginManager: Mounting plugin StaticMeshEditorExtension
LogPluginManager: Mounting plugin VariantManager
LogStreaming: Display: Took 23.452s to configure plugins.
LogInit: Using libcurl 7.55.1-DEV
LogInit:  - built for x86_64-pc-win32
LogInit:  - supports SSL with OpenSSL/1.0.2h
LogInit:  - supports HTTP deflate (compression) using libz 1.2.8
LogInit:  - other features:
LogInit:      CURL_VERSION_SSL
LogInit:      CURL_VERSION_LIBZ
LogInit:      CURL_VERSION_IPV6
LogInit:      CURL_VERSION_ASYNCHDNS
LogInit:      CURL_VERSION_LARGEFILE
LogInit:      CURL_VERSION_IDN
LogInit:  CurlRequestOptions (configurable via config and command line):
LogInit:  - bVerifyPeer = true  - Libcurl will verify peer certificate
LogInit:  - bUseHttpProxy = false  - Libcurl will NOT use HTTP proxy
LogInit:  - bDontReuseConnections = false  - Libcurl will reuse connections
LogInit:  - MaxHostConnections = 16  - Libcurl will limit the number of connections to a host
LogInit:  - LocalHostAddr = Default
LogInit:  - BufferSize = 65536
LogInit: WinSock: version 1.1 (2.2), MaxSocks=32767, MaxUdp=65467
LogInit: Build: ++UE4+Release-4.21-CL-4541578
LogInit: Engine Version: 4.21.0-4541578+++UE4+Release-4.21
LogInit: Compatible Engine Version: 4.21.0-4541578+++UE4+Release-4.21
LogInit: Net CL: 4541578
LogInit: OS: Windows 10 (), CPU:         Intel(R) Core(TM) i7-3770 CPU @ 3.40GHz, GPU: NVIDIA GeForce GTX 660
LogInit: Compiled (64-bit): Nov  6 2018 02:04:24
LogInit: Compiled with Visual C++: 19.13.26129.00
LogInit: Build Configuration: Development
LogInit: Branch Name: ++UE4+Release-4.21
LogInit: Command Line: 
LogInit: Base Directory: F:/Program Files (x86)/UE_4.21/Engine/Binaries/Win64/
LogInit: Installed Engine Build: 1
LogDevObjectVersion: Number of dev versions registered: 22
LogDevObjectVersion:   Dev-Blueprints (B0D832E4-1F89-4F0D-ACCF-7EB736FD4AA2): 10
LogDevObjectVersion:   Dev-Build (E1C64328-A22C-4D53-A36C-8E866417BD8C): 0
LogDevObjectVersion:   Dev-Core (375EC13C-06E4-48FB-B500-84F0262A717E): 2
LogDevObjectVersion:   Dev-Editor (E4B068ED-F494-42E9-A231-DA0B2E46BB41): 26
LogDevObjectVersion:   Dev-Framework (CFFC743F-43B0-4480-9391-14DF171D2073): 34
LogDevObjectVersion:   Dev-Mobile (B02B49B5-BB20-44E9-A304-32B752E40360): 2
LogDevObjectVersion:   Dev-Networking (A4E4105C-59A1-49B5-A7C5-40C4547EDFEE): 0
LogDevObjectVersion:   Dev-Online (39C831C9-5AE6-47DC-9A44-9C173E1C8E7C): 0
LogDevObjectVersion:   Dev-Physics (78F01B33-EBEA-4F98-B9B4-84EACCB95AA2): 0
LogDevObjectVersion:   Dev-Platform (6631380F-2D4D-43E0-8009-CF276956A95A): 0
LogDevObjectVersion:   Dev-Rendering (12F88B9F-8875-4AFC-A67C-D90C383ABD29): 27
LogDevObjectVersion:   Dev-Sequencer (7B5AE74C-D270-4C10-A958-57980B212A5A): 9
LogDevObjectVersion:   Dev-VR (D7296918-1DD6-4BDD-9DE2-64A83CC13884): 2
LogDevObjectVersion:   Dev-LoadTimes (C2A15278-BFE7-4AFE-6C17-90FF531DF755): 1
LogDevObjectVersion:   Private-Geometry (6EACA3D4-40EC-4CC1-B786-8BED09428FC5): 3
LogDevObjectVersion:   Dev-AnimPhys (29E575DD-E0A3-4627-9D10-D276232CDCEA): 17
LogDevObjectVersion:   Dev-Anim (AF43A65D-7FD3-4947-9873-3E8ED9C1BB05): 2
LogDevObjectVersion:   Dev-ReflectionCapture (6B266CEC-1EC7-4B8F-A30B-E4D90942FC07): 1
LogDevObjectVersion:   Dev-Automation (0DF73D61-A23F-47EA-B727-89E90C41499A): 1
LogDevObjectVersion:   FortniteMain (601D1886-AC64-4F84-AA16-D3DE0DEAC7D6): 17
LogDevObjectVersion:   Dev-Enterprise (9DFFBCD6-494F-0158-E221-12823C92A888): 4
LogDevObjectVersion:   Dev-Niagara (F2AED0AC-9AFE-416F-8664-AA7FFA26D6FC): 1
LogStreaming: Display: Took  0.000s to delete old logs.
LogInit: Presizing for max 8388607 objects, including 0 objects not considered by GC, pre-allocating 0 bytes for permanent pool.
LogInit: Object subsystem initialized
LogConfig: Setting CVar [[con.DebugEarlyDefault:1]]
LogConfig: Setting CVar [[r.setres:1280x720]]
[2018.11.30-16.27.01:157][  0]LogConfig: Setting CVar [[r.VSync:0]]
[2018.11.30-16.27.01:157][  0]LogConfig: Setting CVar [[r.RHICmdBypass:0]]
[2018.11.30-16.27.01:157][  0]LogConfig: Applying CVar settings from Section [/Script/Engine.RendererSettings] File [E:/Uwpgf/Dynamesh/Saved/Config/Windows/Engine.ini]
[2018.11.30-16.27.01:157][  0]LogConfig: Setting CVar [[r.GPUCrashDebugging:0]]
[2018.11.30-16.27.01:157][  0]LogConfig: Applying CVar settings from Section [/Script/Engine.RendererOverrideSettings] File [E:/Uwpgf/Dynamesh/Saved/Config/Windows/Engine.ini]
[2018.11.30-16.27.01:157][  0]LogConfig: Applying CVar settings from Section [/Script/Engine.StreamingSettings] File [E:/Uwpgf/Dynamesh/Saved/Config/Windows/Engine.ini]
[2018.11.30-16.27.01:157][  0]LogConfig: Setting CVar [[s.MinBulkDataSizeForAsyncLoading:131072]]
[2018.11.30-16.27.01:157][  0]LogConfig: Setting CVar [[s.AsyncLoadingThreadEnabled:0]]
[2018.11.30-16.27.01:157][  0]LogConfig: Setting CVar [[s.EventDrivenLoaderEnabled:1]]
[2018.11.30-16.27.01:157][  0]LogConfig: Setting CVar [[s.WarnIfTimeLimitExceeded:0]]
[2018.11.30-16.27.01:157][  0]LogConfig: Setting CVar [[s.TimeLimitExceededMultiplier:1.5]]
[2018.11.30-16.27.01:157][  0]LogConfig: Setting CVar [[s.TimeLimitExceededMinTime:0.005]]
[2018.11.30-16.27.01:157][  0]LogConfig: Setting CVar [[s.UseBackgroundLevelStreaming:1]]
[2018.11.30-16.27.01:157][  0]LogConfig: Setting CVar [[s.PriorityAsyncLoadingExtraTime:15.0]]
[2018.11.30-16.27.01:157][  0]LogConfig: Setting CVar [[s.LevelStreamingActorsUpdateTimeLimit:5.0]]
[2018.11.30-16.27.01:157][  0]LogConfig: Setting CVar [[s.PriorityLevelStreamingActorsUpdateExtraTime:5.0]]
[2018.11.30-16.27.01:157][  0]LogConfig: Setting CVar [[s.LevelStreamingComponentsRegistrationGranularity:10]]
[2018.11.30-16.27.01:157][  0]LogConfig: Setting CVar [[s.UnregisterComponentsTimeLimit:1.0]]
[2018.11.30-16.27.01:157][  0]LogConfig: Setting CVar [[s.LevelStreamingComponentsUnregistrationGranularity:5]]
[2018.11.30-16.27.01:157][  0]LogConfig: Applying CVar settings from Section [/Script/Engine.GarbageCollectionSettings] File [E:/Uwpgf/Dynamesh/Saved/Config/Windows/Engine.ini]
[2018.11.30-16.27.01:157][  0]LogConfig: Setting CVar [[gc.MaxObjectsNotConsideredByGC:1]]
[2018.11.30-16.27.01:157][  0]LogConfig: Setting CVar [[gc.SizeOfPermanentObjectPool:0]]
[2018.11.30-16.27.01:157][  0]LogConfig: Setting CVar [[gc.FlushStreamingOnGC:0]]
[2018.11.30-16.27.01:157][  0]LogConfig: Setting CVar [[gc.NumRetriesBeforeForcingGC:10]]
[2018.11.30-16.27.01:157][  0]LogConfig: Setting CVar [[gc.AllowParallelGC:1]]
[2018.11.30-16.27.01:157][  0]LogConfig: Setting CVar [[gc.TimeBetweenPurgingPendingKillObjects:61.1]]
[2018.11.30-16.27.01:157][  0]LogConfig: Setting CVar [[gc.MaxObjectsInEditor:8388607]]
[2018.11.30-16.27.01:158][  0]LogConfig: Setting CVar [[gc.IncrementalBeginDestroyEnabled:1]]
[2018.11.30-16.27.01:158][  0]LogConfig: Setting CVar [[gc.CreateGCClusters:1]]
[2018.11.30-16.27.01:158][  0]LogConfig: Setting CVar [[gc.MergeGCClusters:0]]
[2018.11.30-16.27.01:158][  0]LogConfig: Setting CVar [[gc.MinGCClusterSize:5]]
[2018.11.30-16.27.01:158][  0]LogConfig: Setting CVar [[gc.ActorClusteringEnabled:0]]
[2018.11.30-16.27.01:158][  0]LogConfig: Setting CVar [[gc.BlueprintClusteringEnabled:0]]
[2018.11.30-16.27.01:158][  0]LogConfig: Setting CVar [[gc.UseDisregardForGCOnDedicatedServers:0]]
[2018.11.30-16.27.01:158][  0]LogConfig: Applying CVar settings from Section [/Script/Engine.NetworkSettings] File [E:/Uwpgf/Dynamesh/Saved/Config/Windows/Engine.ini]
[2018.11.30-16.27.01:158][  0]LogConfig: Applying CVar settings from Section [/Script/UnrealEd.CookerSettings] File [E:/Uwpgf/Dynamesh/Saved/Config/Windows/Engine.ini]
[2018.11.30-16.27.01:163][  0]LogConfig: Applying CVar settings from Section [ViewDistanceQuality@3] File [E:/Uwpgf/Dynamesh/Saved/Config/Windows/Scalability.ini]
[2018.11.30-16.27.01:163][  0]LogConfig: Setting CVar [[r.SkeletalMeshLODBias:0]]
[2018.11.30-16.27.01:163][  0]LogConfig: Setting CVar [[r.ViewDistanceScale:1.0]]
[2018.11.30-16.27.01:163][  0]LogConfig: Applying CVar settings from Section [AntiAliasingQuality@3] File [E:/Uwpgf/Dynamesh/Saved/Config/Windows/Scalability.ini]
[2018.11.30-16.27.01:163][  0]LogConfig: Setting CVar [[r.PostProcessAAQuality:4]]
[2018.11.30-16.27.01:163][  0]LogConfig: Applying CVar settings from Section [ShadowQuality@3] File [E:/Uwpgf/Dynamesh/Saved/Config/Windows/Scalability.ini]
[2018.11.30-16.27.01:163][  0]LogConfig: Setting CVar [[r.LightFunctionQuality:1]]
[2018.11.30-16.27.01:163][  0]LogConfig: Setting CVar [[r.ShadowQuality:5]]
[2018.11.30-16.27.01:163][  0]LogConfig: Setting CVar [[r.Shadow.CSM.MaxCascades:10]]
[2018.11.30-16.27.01:163][  0]LogConfig: Setting CVar [[r.Shadow.MaxResolution:2048]]
[2018.11.30-16.27.01:163][  0]LogConfig: Setting CVar [[r.Shadow.MaxCSMResolution:2048]]
[2018.11.30-16.27.01:163][  0]LogConfig: Setting CVar [[r.Shadow.RadiusThreshold:0.01]]
[2018.11.30-16.27.01:163][  0]LogConfig: Setting CVar [[r.Shadow.DistanceScale:1.0]]
[2018.11.30-16.27.01:163][  0]LogConfig: Setting CVar [[r.Shadow.CSM.TransitionScale:1.0]]
[2018.11.30-16.27.01:163][  0]LogConfig: Setting CVar [[r.Shadow.PreShadowResolutionFactor:1.0]]
[2018.11.30-16.27.01:163][  0]LogConfig: Setting CVar [[r.DistanceFieldShadowing:1]]
[2018.11.30-16.27.01:163][  0]LogConfig: Setting CVar [[r.DistanceFieldAO:1]]
[2018.11.30-16.27.01:163][  0]LogConfig: Setting CVar [[r.AOQuality:2]]
[2018.11.30-16.27.01:163][  0]LogConfig: Setting CVar [[r.VolumetricFog:1]]
[2018.11.30-16.27.01:163][  0]LogConfig: Setting CVar [[r.VolumetricFog.GridPixelSize:8]]
[2018.11.30-16.27.01:163][  0]LogConfig: Setting CVar [[r.VolumetricFog.GridSizeZ:128]]
[2018.11.30-16.27.01:163][  0]LogConfig: Setting CVar [[r.VolumetricFog.HistoryMissSupersampleCount:4]]
[2018.11.30-16.27.01:163][  0]LogConfig: Setting CVar [[r.LightMaxDrawDistanceScale:1]]
[2018.11.30-16.27.01:163][  0]LogConfig: Setting CVar [[r.CapsuleShadows:1]]
[2018.11.30-16.27.01:163][  0]LogConfig: Applying CVar settings from Section [PostProcessQuality@3] File [E:/Uwpgf/Dynamesh/Saved/Config/Windows/Scalability.ini]
[2018.11.30-16.27.01:164][  0]LogConfig: Setting CVar [[r.MotionBlurQuality:4]]
[2018.11.30-16.27.01:164][  0]LogConfig: Setting CVar [[r.AmbientOcclusionMipLevelFactor:0.4]]
[2018.11.30-16.27.01:164][  0]LogConfig: Setting CVar [[r.AmbientOcclusionMaxQuality:100]]
[2018.11.30-16.27.01:164][  0]LogConfig: Setting CVar [[r.AmbientOcclusionLevels:-1]]
[2018.11.30-16.27.01:164][  0]LogConfig: Setting CVar [[r.AmbientOcclusionRadiusScale:1.0]]
[2018.11.30-16.27.01:164][  0]LogConfig: Setting CVar [[r.DepthOfFieldQuality:2]]
[2018.11.30-16.27.01:164][  0]LogConfig: Setting CVar [[r.RenderTargetPoolMin:400]]
[2018.11.30-16.27.01:164][  0]LogConfig: Setting CVar [[r.LensFlareQuality:2]]
[2018.11.30-16.27.01:164][  0]LogConfig: Setting CVar [[r.SceneColorFringeQuality:1]]
[2018.11.30-16.27.01:164][  0]LogConfig: Setting CVar [[r.EyeAdaptationQuality:2]]
[2018.11.30-16.27.01:164][  0]LogConfig: Setting CVar [[r.BloomQuality:5]]
[2018.11.30-16.27.01:164][  0]LogConfig: Setting CVar [[r.FastBlurThreshold:100]]
[2018.11.30-16.27.01:164][  0]LogConfig: Setting CVar [[r.Upscale.Quality:3]]
[2018.11.30-16.27.01:164][  0]LogConfig: Setting CVar [[r.Tonemapper.GrainQuantization:1]]
[2018.11.30-16.27.01:164][  0]LogConfig: Setting CVar [[r.LightShaftQuality:1]]
[2018.11.30-16.27.01:164][  0]LogConfig: Setting CVar [[r.Filter.SizeScale:1]]
[2018.11.30-16.27.01:164][  0]LogConfig: Setting CVar [[r.Tonemapper.Quality:5]]
[2018.11.30-16.27.01:164][  0]LogConfig: Setting CVar [[r.DOF.Gather.AccumulatorQuality:1        ; higher gathering accumulator quality]]
[2018.11.30-16.27.01:164][  0]LogConfig: Setting CVar [[r.DOF.Gather.PostfilterMethod:1          ; Median3x3 postfilering method]]
[2018.11.30-16.27.01:164][  0]LogConfig: Setting CVar [[r.DOF.Gather.EnableBokehSettings:0       ; no bokeh simulation when gathering]]
[2018.11.30-16.27.01:164][  0]LogConfig: Setting CVar [[r.DOF.Gather.RingCount:4                 ; medium number of samples when gathering]]
[2018.11.30-16.27.01:164][  0]LogConfig: Setting CVar [[r.DOF.Scatter.ForegroundCompositing:1    ; additive foreground scattering]]
[2018.11.30-16.27.01:164][  0]LogConfig: Setting CVar [[r.DOF.Scatter.BackgroundCompositing:2    ; additive background scattering]]
[2018.11.30-16.27.01:164][  0]LogConfig: Setting CVar [[r.DOF.Scatter.EnableBokehSettings:1      ; bokeh simulation when scattering]]
[2018.11.30-16.27.01:164][  0]LogConfig: Setting CVar [[r.DOF.Scatter.MaxSpriteRatio:0.1         ; only a maximum of 10% of scattered bokeh]]
[2018.11.30-16.27.01:164][  0]LogConfig: Setting CVar [[r.DOF.Recombine.Quality:1                ; cheap slight out of focus]]
[2018.11.30-16.27.01:164][  0]LogConfig: Setting CVar [[r.DOF.Recombine.EnableBokehSettings:0    ; no bokeh simulation on slight out of focus]]
[2018.11.30-16.27.01:164][  0]LogConfig: Setting CVar [[r.DOF.TemporalAAQuality:1                ; more stable temporal accumulation]]
[2018.11.30-16.27.01:164][  0]LogConfig: Setting CVar [[r.DOF.Kernel.MaxForegroundRadius:0.025]]
[2018.11.30-16.27.01:164][  0]LogConfig: Setting CVar [[r.DOF.Kernel.MaxBackgroundRadius:0.025]]
[2018.11.30-16.27.01:164][  0]LogConfig: Applying CVar settings from Section [TextureQuality@3] File [E:/Uwpgf/Dynamesh/Saved/Config/Windows/Scalability.ini]
[2018.11.30-16.27.01:164][  0]LogConfig: Setting CVar [[r.Streaming.MipBias:0]]
[2018.11.30-16.27.01:164][  0]LogConfig: Setting CVar [[r.Streaming.AmortizeCPUToGPUCopy:0]]
[2018.11.30-16.27.01:164][  0]LogConfig: Setting CVar [[r.Streaming.MaxNumTexturesToStreamPerFrame:0]]
[2018.11.30-16.27.01:164][  0]LogConfig: Setting CVar [[r.Streaming.Boost:1]]
[2018.11.30-16.27.01:164][  0]LogConfig: Setting CVar [[r.MaxAnisotropy:8]]
[2018.11.30-16.27.01:164][  0]LogConfig: Setting CVar [[r.Streaming.LimitPoolSizeToVRAM:0]]
[2018.11.30-16.27.01:164][  0]LogConfig: Setting CVar [[r.Streaming.PoolSize:1000]]
[2018.11.30-16.27.01:164][  0]LogConfig: Setting CVar [[r.Streaming.MaxEffectiveScreenSize:0]]
[2018.11.30-16.27.01:164][  0]LogConfig: Applying CVar settings from Section [EffectsQuality@3] File [E:/Uwpgf/Dynamesh/Saved/Config/Windows/Scalability.ini]
[2018.11.30-16.27.01:164][  0]LogConfig: Setting CVar [[r.TranslucencyLightingVolumeDim:64]]
[2018.11.30-16.27.01:164][  0]LogConfig: Setting CVar [[r.RefractionQuality:2]]
[2018.11.30-16.27.01:164][  0]LogConfig: Setting CVar [[r.SSR.Quality:3]]
[2018.11.30-16.27.01:164][  0]LogConfig: Setting CVar [[r.SceneColorFormat:4]]
[2018.11.30-16.27.01:164][  0]LogConfig: Setting CVar [[r.DetailMode:2]]
[2018.11.30-16.27.01:164][  0]LogConfig: Setting CVar [[r.TranslucencyVolumeBlur:1]]
[2018.11.30-16.27.01:164][  0]LogConfig: Setting CVar [[r.MaterialQualityLevel:1 ; High quality]]
[2018.11.30-16.27.01:164][  0]LogConfig: Setting CVar [[r.SSS.Scale:1]]
[2018.11.30-16.27.01:164][  0]LogConfig: Setting CVar [[r.SSS.SampleSet:2]]
[2018.11.30-16.27.01:164][  0]LogConfig: Setting CVar [[r.SSS.Quality:1]]
[2018.11.30-16.27.01:164][  0]LogConfig: Setting CVar [[r.SSS.HalfRes:1]]
[2018.11.30-16.27.01:164][  0]LogConfig: Setting CVar [[r.EmitterSpawnRateScale:1.0]]
[2018.11.30-16.27.01:164][  0]LogConfig: Setting CVar [[r.ParticleLightQuality:2]]
[2018.11.30-16.27.01:165][  0]LogConfig: Applying CVar settings from Section [FoliageQuality@3] File [E:/Uwpgf/Dynamesh/Saved/Config/Windows/Scalability.ini]
[2018.11.30-16.27.01:165][  0]LogConfig: Setting CVar [[foliage.DensityScale:1.0]]
[2018.11.30-16.27.01:165][  0]LogConfig: Setting CVar [[grass.DensityScale:1.0]]
[2018.11.30-16.27.01:165][  0]LogInit: Selected Device Profile: [Windows]
[2018.11.30-16.27.01:165][  0]LogInit: Applying CVar settings loaded from the selected device profile: [Windows]
[2018.11.30-16.27.01:180][  0]LogHAL: Display: Platform has ~ 12 GB [12827959296 / 17179869184 / 12], which maps to Larger [LargestMinGB=32, LargerMinGB=12, DefaultMinGB=8, SmallerMinGB=6, SmallestMinGB=0)
[2018.11.30-16.27.01:181][  0]LogConfig: Setting CVar [[r.Vulkan.UseRealUBs:1]]
[2018.11.30-16.27.01:181][  0]LogInit: Going up to parent DeviceProfile []
[2018.11.30-16.27.01:181][  0]LogConfig: Applying CVar settings from Section [ViewDistanceQuality@2] File [E:/Uwpgf/Dynamesh/Saved/Config/Windows/Scalability.ini]
[2018.11.30-16.27.01:181][  0]LogConfig: Setting CVar [[r.SkeletalMeshLODBias:0]]
[2018.11.30-16.27.01:181][  0]LogConfig: Setting CVar [[r.ViewDistanceScale:0.8]]
[2018.11.30-16.27.01:181][  0]LogConfig: Applying CVar settings from Section [AntiAliasingQuality@2] File [E:/Uwpgf/Dynamesh/Saved/Config/Windows/Scalability.ini]
[2018.11.30-16.27.01:181][  0]LogConfig: Setting CVar [[r.PostProcessAAQuality:3]]
[2018.11.30-16.27.01:181][  0]LogConfig: Applying CVar settings from Section [ShadowQuality@2] File [E:/Uwpgf/Dynamesh/Saved/Config/Windows/Scalability.ini]
[2018.11.30-16.27.01:181][  0]LogConfig: Setting CVar [[r.LightFunctionQuality:1]]
[2018.11.30-16.27.01:181][  0]LogConfig: Setting CVar [[r.ShadowQuality:5]]
[2018.11.30-16.27.01:181][  0]LogConfig: Setting CVar [[r.Shadow.CSM.MaxCascades:4]]
[2018.11.30-16.27.01:181][  0]LogConfig: Setting CVar [[r.Shadow.MaxResolution:1024]]
[2018.11.30-16.27.01:181][  0]LogConfig: Setting CVar [[r.Shadow.MaxCSMResolution:2048]]
[2018.11.30-16.27.01:181][  0]LogConfig: Setting CVar [[r.Shadow.RadiusThreshold:0.04]]
[2018.11.30-16.27.01:181][  0]LogConfig: Setting CVar [[r.Shadow.DistanceScale:0.85]]
[2018.11.30-16.27.01:181][  0]LogConfig: Setting CVar [[r.Shadow.CSM.TransitionScale:0.8]]
[2018.11.30-16.27.01:181][  0]LogConfig: Setting CVar [[r.Shadow.PreShadowResolutionFactor:0.5]]
[2018.11.30-16.27.01:181][  0]LogConfig: Setting CVar [[r.DistanceFieldShadowing:1]]
[2018.11.30-16.27.01:181][  0]LogConfig: Setting CVar [[r.DistanceFieldAO:1]]
[2018.11.30-16.27.01:181][  0]LogConfig: Setting CVar [[r.AOQuality:1]]
[2018.11.30-16.27.01:181][  0]LogConfig: Setting CVar [[r.VolumetricFog:1]]
[2018.11.30-16.27.01:181][  0]LogConfig: Setting CVar [[r.VolumetricFog.GridPixelSize:16]]
[2018.11.30-16.27.01:181][  0]LogConfig: Setting CVar [[r.VolumetricFog.GridSizeZ:64]]
[2018.11.30-16.27.01:181][  0]LogConfig: Setting CVar [[r.VolumetricFog.HistoryMissSupersampleCount:4]]
[2018.11.30-16.27.01:181][  0]LogConfig: Setting CVar [[r.LightMaxDrawDistanceScale:1]]
[2018.11.30-16.27.01:181][  0]LogConfig: Setting CVar [[r.CapsuleShadows:1]]
[2018.11.30-16.27.01:181][  0]LogConfig: Applying CVar settings from Section [PostProcessQuality@2] File [E:/Uwpgf/Dynamesh/Saved/Config/Windows/Scalability.ini]
[2018.11.30-16.27.01:181][  0]LogConfig: Setting CVar [[r.MotionBlurQuality:3]]
[2018.11.30-16.27.01:181][  0]LogConfig: Setting CVar [[r.AmbientOcclusionMipLevelFactor:0.6]]
[2018.11.30-16.27.01:181][  0]LogConfig: Setting CVar [[r.AmbientOcclusionMaxQuality:100]]
[2018.11.30-16.27.01:181][  0]LogConfig: Setting CVar [[r.AmbientOcclusionLevels:-1]]
[2018.11.30-16.27.01:181][  0]LogConfig: Setting CVar [[r.AmbientOcclusionRadiusScale:1.5]]
[2018.11.30-16.27.01:181][  0]LogConfig: Setting CVar [[r.DepthOfFieldQuality:2]]
[2018.11.30-16.27.01:181][  0]LogConfig: Setting CVar [[r.RenderTargetPoolMin:400]]
[2018.11.30-16.27.01:181][  0]LogConfig: Setting CVar [[r.LensFlareQuality:2]]
[2018.11.30-16.27.01:181][  0]LogConfig: Setting CVar [[r.SceneColorFringeQuality:1]]
[2018.11.30-16.27.01:181][  0]LogConfig: Setting CVar [[r.EyeAdaptationQuality:2]]
[2018.11.30-16.27.01:181][  0]LogConfig: Setting CVar [[r.BloomQuality:5]]
[2018.11.30-16.27.01:181][  0]LogConfig: Setting CVar [[r.FastBlurThreshold:3]]
[2018.11.30-16.27.01:181][  0]LogConfig: Setting CVar [[r.Upscale.Quality:2]]
[2018.11.30-16.27.01:181][  0]LogConfig: Setting CVar [[r.Tonemapper.GrainQuantization:1]]
[2018.11.30-16.27.01:181][  0]LogConfig: Setting CVar [[r.LightShaftQuality:1]]
[2018.11.30-16.27.01:181][  0]LogConfig: Setting CVar [[r.Filter.SizeScale:0.8]]
[2018.11.30-16.27.01:182][  0]LogConfig: Setting CVar [[r.Tonemapper.Quality:5]]
[2018.11.30-16.27.01:182][  0]LogConfig: Setting CVar [[r.DOF.Gather.AccumulatorQuality:0        ; lower gathering accumulator quality]]
[2018.11.30-16.27.01:182][  0]LogConfig: Setting CVar [[r.DOF.Gather.PostfilterMethod:2          ; Max3x3 postfilering method]]
[2018.11.30-16.27.01:182][  0]LogConfig: Setting CVar [[r.DOF.Gather.EnableBokehSettings:0       ; no bokeh simulation when gathering]]
[2018.11.30-16.27.01:182][  0]LogConfig: Setting CVar [[r.DOF.Gather.RingCount:4                 ; medium number of samples when gathering]]
[2018.11.30-16.27.01:182][  0]LogConfig: Setting CVar [[r.DOF.Scatter.ForegroundCompositing:1    ; additive foreground scattering]]
[2018.11.30-16.27.01:182][  0]LogConfig: Setting CVar [[r.DOF.Scatter.BackgroundCompositing:1    ; no background occlusion]]
[2018.11.30-16.27.01:182][  0]LogConfig: Setting CVar [[r.DOF.Scatter.EnableBokehSettings:0      ; no bokeh simulation when scattering]]
[2018.11.30-16.27.01:182][  0]LogConfig: Setting CVar [[r.DOF.Scatter.MaxSpriteRatio:0.04        ; only a maximum of 4% of scattered bokeh]]
[2018.11.30-16.27.01:182][  0]LogConfig: Setting CVar [[r.DOF.Recombine.Quality:0                ; no slight out of focus]]
[2018.11.30-16.27.01:182][  0]LogConfig: Setting CVar [[r.DOF.TemporalAAQuality:0                ; faster temporal accumulation]]
[2018.11.30-16.27.01:182][  0]LogConfig: Setting CVar [[r.DOF.Kernel.MaxForegroundRadius:0.012   ; required because of AccumulatorQuality=0]]
[2018.11.30-16.27.01:182][  0]LogConfig: Setting CVar [[r.DOF.Kernel.MaxBackgroundRadius:0.012   ; required because of AccumulatorQuality=0]]
[2018.11.30-16.27.01:182][  0]LogConfig: Applying CVar settings from Section [TextureQuality@2] File [E:/Uwpgf/Dynamesh/Saved/Config/Windows/Scalability.ini]
[2018.11.30-16.27.01:182][  0]LogConfig: Setting CVar [[r.Streaming.MipBias:0]]
[2018.11.30-16.27.01:182][  0]LogConfig: Setting CVar [[r.Streaming.AmortizeCPUToGPUCopy:0]]
[2018.11.30-16.27.01:182][  0]LogConfig: Setting CVar [[r.Streaming.MaxNumTexturesToStreamPerFrame:0]]
[2018.11.30-16.27.01:182][  0]LogConfig: Setting CVar [[r.Streaming.Boost:1]]
[2018.11.30-16.27.01:182][  0]LogConfig: Setting CVar [[r.MaxAnisotropy:4]]
[2018.11.30-16.27.01:182][  0]LogConfig: Setting CVar [[r.Streaming.LimitPoolSizeToVRAM:1]]
[2018.11.30-16.27.01:182][  0]LogConfig: Setting CVar [[r.Streaming.PoolSize:800]]
[2018.11.30-16.27.01:182][  0]LogConfig: Setting CVar [[r.Streaming.MaxEffectiveScreenSize:0]]
[2018.11.30-16.27.01:182][  0]LogConfig: Applying CVar settings from Section [EffectsQuality@2] File [E:/Uwpgf/Dynamesh/Saved/Config/Windows/Scalability.ini]
[2018.11.30-16.27.01:182][  0]LogConfig: Setting CVar [[r.TranslucencyLightingVolumeDim:48]]
[2018.11.30-16.27.01:182][  0]LogConfig: Setting CVar [[r.RefractionQuality:2]]
[2018.11.30-16.27.01:182][  0]LogConfig: Setting CVar [[r.SSR.Quality:2]]
[2018.11.30-16.27.01:182][  0]LogConfig: Setting CVar [[r.SceneColorFormat:3]]
[2018.11.30-16.27.01:182][  0]LogConfig: Setting CVar [[r.DetailMode:1]]
[2018.11.30-16.27.01:182][  0]LogConfig: Setting CVar [[r.TranslucencyVolumeBlur:1]]
[2018.11.30-16.27.01:182][  0]LogConfig: Setting CVar [[r.MaterialQualityLevel:1 ; High quality]]
[2018.11.30-16.27.01:182][  0]LogConfig: Setting CVar [[r.SSS.Scale:1]]
[2018.11.30-16.27.01:182][  0]LogConfig: Setting CVar [[r.SSS.SampleSet:1]]
[2018.11.30-16.27.01:182][  0]LogConfig: Setting CVar [[r.SSS.Quality:-1]]
[2018.11.30-16.27.01:182][  0]LogConfig: Setting CVar [[r.SSS.HalfRes:1]]
[2018.11.30-16.27.01:182][  0]LogConfig: Setting CVar [[r.EmitterSpawnRateScale:0.5]]
[2018.11.30-16.27.01:182][  0]LogConfig: Setting CVar [[r.ParticleLightQuality:1]]
[2018.11.30-16.27.01:182][  0]LogConfig: Applying CVar settings from Section [FoliageQuality@2] File [E:/Uwpgf/Dynamesh/Saved/Config/Windows/Scalability.ini]
[2018.11.30-16.27.01:182][  0]LogConfig: Setting CVar [[foliage.DensityScale:0.8]]
[2018.11.30-16.27.01:182][  0]LogConfig: Setting CVar [[grass.DensityScale:0.8]]
[2018.11.30-16.27.01:182][  0]LogConfig: Applying CVar settings from Section [Startup] File [../../../Engine/Config/ConsoleVariables.ini]
[2018.11.30-16.27.01:183][  0]LogConfig: Setting CVar [[net.UseAdaptiveNetUpdateFrequency:0]]
[2018.11.30-16.27.01:183][  0]LogConfig: Applying CVar settings from Section [ConsoleVariables] File [E:/Uwpgf/Dynamesh/Saved/Config/Windows/Engine.ini]
[2018.11.30-16.27.01:183][  0]LogInit: Computer: DESKTOP-VGJIUES
[2018.11.30-16.27.01:183][  0]LogInit: User: Bruno
[2018.11.30-16.27.01:183][  0]LogInit: CPU Page size=4096, Cores=4
[2018.11.30-16.27.01:183][  0]LogInit: High frequency timer resolution =3.312787 MHz
[2018.11.30-16.27.01:183][  0]LogMemory: Memory total: Physical=11.9GB (12GB approx)
[2018.11.30-16.27.01:183][  0]LogMemory: Platform Memory Stats for Windows
[2018.11.30-16.27.01:183][  0]LogMemory: Process Physical Memory: 103.70 MB used, 103.70 MB peak
[2018.11.30-16.27.01:183][  0]LogMemory: Process Virtual Memory: 90.78 MB used, 90.78 MB peak
[2018.11.30-16.27.01:183][  0]LogMemory: Physical Memory: 6843.36 MB used,  5390.34 MB free, 12233.70 MB total
[2018.11.30-16.27.01:183][  0]LogMemory: Virtual Memory: 517.96 MB used,  134217208.00 MB free, 134217728.00 MB total
[2018.11.30-16.27.01:202][  0]LogInit: Overriding language with editor language configuration option (en).
[2018.11.30-16.27.01:202][  0]LogInit: Overriding locale with editor locale configuration option (en).
[2018.11.30-16.27.01:658][  0]LogStreaming: Display: Took  0.456s to InitEngineTextLocalization.
[2018.11.30-16.27.01:658][  0]LogInit: Setting process to per monitor DPI aware
[2018.11.30-16.27.01:678][  0]LogSlate: New Slate User Created.  User Index 0, Is Virtual User: 0
[2018.11.30-16.27.01:678][  0]LogSlate: Slate User Registered.  User Index 0, Is Virtual User: 0
[2018.11.30-16.27.01:899][  0]LogHMD: Failed to initialize OpenVR with code 110
[2018.11.30-16.27.01:899][  0]LogD3D11RHI: D3D11 adapters:
[2018.11.30-16.27.01:966][  0]LogD3D11RHI:    0. 'NVIDIA GeForce GTX 660' (Feature Level 11_0)
[2018.11.30-16.27.01:966][  0]LogD3D11RHI:       1998/0/6116 MB DedicatedVideo/DedicatedSystem/SharedSystem, Outputs:2, VendorId:0x10de
[2018.11.30-16.27.01:968][  0]LogD3D11RHI:    1. 'Microsoft Basic Render Driver' (Feature Level 11_0)
[2018.11.30-16.27.01:968][  0]LogD3D11RHI:       0/0/6116 MB DedicatedVideo/DedicatedSystem/SharedSystem, Outputs:0, VendorId:0x1414
[2018.11.30-16.27.01:968][  0]LogD3D11RHI: Chosen D3D11 Adapter: 0
[2018.11.30-16.27.01:972][  0]LogD3D11RHI: Creating new Direct3DDevice
[2018.11.30-16.27.01:973][  0]LogD3D11RHI:     GPU DeviceId: 0x11c0 (for the marketing name, search the web for "GPU Device Id")
[2018.11.30-16.27.01:973][  0]LogWindows: EnumDisplayDevices:
[2018.11.30-16.27.01:973][  0]LogWindows:    0. 'NVIDIA GeForce GTX 660' (P:1 D:1)
[2018.11.30-16.27.01:973][  0]LogWindows:    1. 'NVIDIA GeForce GTX 660' (P:0 D:1)
[2018.11.30-16.27.01:973][  0]LogWindows:    2. 'NVIDIA GeForce GTX 660' (P:0 D:0)
[2018.11.30-16.27.01:973][  0]LogWindows:    3. 'NVIDIA GeForce GTX 660' (P:0 D:0)
[2018.11.30-16.27.01:974][  0]LogWindows: DebugString: FoundDriverCount:4 
[2018.11.30-16.27.01:974][  0]LogD3D11RHI:     Adapter Name: NVIDIA GeForce GTX 660
[2018.11.30-16.27.01:974][  0]LogD3D11RHI:   Driver Version: 417.01 (internal:25.21.14.1701, unified:417.01)
[2018.11.30-16.27.01:974][  0]LogD3D11RHI:      Driver Date: 11-15-2018
[2018.11.30-16.27.01:974][  0]LogRHI: Texture pool is 1398 MB (70% of 1998 MB)
[2018.11.30-16.27.02:026][  0]LogD3D11RHI: Async texture creation enabled
[2018.11.30-16.27.02:070][  0]LogD3D11RHI: GPU Timing Frequency: 1000.000000 (Debug: 2 2)
[2018.11.30-16.27.02:500][  0]LogTemp: Display: Loaded TP AllDesktopTargetPlatform
[2018.11.30-16.27.02:517][  0]LogTemp: Display: Loaded TP MacClientTargetPlatform
[2018.11.30-16.27.02:533][  0]LogTemp: Display: Loaded TP MacNoEditorTargetPlatform
[2018.11.30-16.27.02:549][  0]LogTemp: Display: Loaded TP MacServerTargetPlatform
[2018.11.30-16.27.02:566][  0]LogTemp: Display: Loaded TP MacTargetPlatform
[2018.11.30-16.27.02:583][  0]LogTemp: Display: Loaded TP WindowsClientTargetPlatform
[2018.11.30-16.27.02:600][  0]LogTemp: Display: Loaded TP WindowsNoEditorTargetPlatform
[2018.11.30-16.27.02:617][  0]LogTemp: Display: Loaded TP WindowsServerTargetPlatform
[2018.11.30-16.27.02:624][  0]LogTemp: Display: Loaded TP WindowsTargetPlatform
[2018.11.30-16.27.02:737][  0]LogTemp: Display: Loaded TP AndroidTargetPlatform
[2018.11.30-16.27.02:737][  0]LogTemp: Display: Loaded TP AndroidTargetPlatform
[2018.11.30-16.27.02:737][  0]LogTemp: Display: Loaded TP AndroidTargetPlatform
[2018.11.30-16.27.02:737][  0]LogTemp: Display: Loaded TP AndroidTargetPlatform
[2018.11.30-16.27.02:737][  0]LogTemp: Display: Loaded TP AndroidTargetPlatform
[2018.11.30-16.27.02:737][  0]LogTemp: Display: Loaded TP AndroidTargetPlatform
[2018.11.30-16.27.02:737][  0]LogTemp: Display: Loaded TP AndroidTargetPlatform
[2018.11.30-16.27.02:737][  0]LogTemp: Display: Loaded TP AndroidTargetPlatform
[2018.11.30-16.27.02:737][  0]LogTemp: Display: Loaded TP AndroidTargetPlatform
[2018.11.30-16.27.02:737][  0]LogTemp: Display: Loaded TP AndroidTargetPlatform
[2018.11.30-16.27.02:737][  0]LogTemp: Display: Loaded TP AndroidTargetPlatform
[2018.11.30-16.27.02:737][  0]LogTemp: Display: Loaded TP AndroidTargetPlatform
[2018.11.30-16.27.02:737][  0]LogTemp: Display: Loaded TP AndroidTargetPlatform
[2018.11.30-16.27.02:737][  0]LogTemp: Display: Loaded TP AndroidTargetPlatform
[2018.11.30-16.27.02:737][  0]LogTemp: Display: Loaded TP AndroidTargetPlatform
[2018.11.30-16.27.02:737][  0]LogTemp: Display: Loaded TP AndroidTargetPlatform
[2018.11.30-16.27.02:737][  0]LogTemp: Display: Loaded TP AndroidTargetPlatform
[2018.11.30-16.27.02:737][  0]LogTemp: Display: Loaded TP AndroidTargetPlatform
[2018.11.30-16.27.02:739][  0]LogTemp: Display: Loaded TP HTML5TargetPlatform
[2018.11.30-16.27.02:814][  0]LogTemp: Display: Loaded TP IOSTargetPlatform
[2018.11.30-16.27.02:814][  0]LogTemp: Display: Loaded TP IOSTargetPlatform
[2018.11.30-16.27.02:849][  0]LogTemp: Display: Loaded TP TVOSTargetPlatform
[2018.11.30-16.27.02:849][  0]LogTemp: Display: Loaded TP TVOSTargetPlatform
[2018.11.30-16.27.02:870][  0]LogTemp: Display: Loaded TP LinuxClientTargetPlatform
[2018.11.30-16.27.02:888][  0]LogTemp: Display: Loaded TP LinuxNoEditorTargetPlatform
[2018.11.30-16.27.02:905][  0]LogTemp: Display: Loaded TP LinuxServerTargetPlatform
[2018.11.30-16.27.02:923][  0]LogTemp: Display: Loaded TP LinuxTargetPlatform
[2018.11.30-16.27.02:986][  0]LogTemp: Display: Loaded TP LuminTargetPlatform
[2018.11.30-16.27.02:986][  0]LogTemp: Display: Loaded TP LuminTargetPlatform
[2018.11.30-16.27.02:987][  0]LogTargetPlatformManager: Display: Building Assets For Windows
[2018.11.30-16.27.03:036][  0]LogShaderCompilers: Guid format shader working directory is 28 characters bigger than the processId version (E:/Uwpgf/Dynamesh/Intermediate/Shaders/WorkingDirectory/13080/).
[2018.11.30-16.27.03:036][  0]LogShaderCompilers: Cleaned the shader compiler working directory 'C:/Users/Bruno/AppData/Local/Temp/UnrealShaderWorkingDir/A1D6BA1F463137281F951BB760E33B49/'.
[2018.11.30-16.27.03:038][  0]LogXGEController: Cannot use XGE Controller as Incredibuild is not installed on this machine.
[2018.11.30-16.27.03:038][  0]LogShaderCompilers: Cannot use XGE Shader Compiler as Incredibuild is not installed on this machine.
[2018.11.30-16.27.03:038][  0]LogShaderCompilers: Display: Using Local Shader Compiler.
[2018.11.30-16.27.03:733][  0]LogDerivedDataCache: Display: Max Cache Size: 512 MB
[2018.11.30-16.27.03:814][  0]LogDerivedDataCache: Loaded boot cache 0.08s 87MB C:/Users/Bruno/AppData/Local/UnrealEngine/4.21/DerivedDataCache/Boot.ddc.
[2018.11.30-16.27.03:814][  0]LogDerivedDataCache: Display: Loaded Boot cache: C:/Users/Bruno/AppData/Local/UnrealEngine/4.21/DerivedDataCache/Boot.ddc
[2018.11.30-16.27.03:814][  0]LogDerivedDataCache: FDerivedDataBackendGraph:  Pak pak cache file E:/Uwpgf/Dynamesh/DerivedDataCache/DDC.ddp not found, will not use a pak cache.
[2018.11.30-16.27.03:814][  0]LogDerivedDataCache: Unable to find inner node Pak for hierarchical cache Hierarchy.
[2018.11.30-16.27.03:814][  0]LogDerivedDataCache: FDerivedDataBackendGraph:  CompressedPak pak cache file E:/Uwpgf/Dynamesh/DerivedDataCache/Compressed.ddp not found, will not use a pak cache.
[2018.11.30-16.27.03:814][  0]LogDerivedDataCache: Unable to find inner node CompressedPak for hierarchical cache Hierarchy.
[2018.11.30-16.27.03:832][  0]LogDerivedDataCache: Display: Pak cache opened for reading ../../../Engine/DerivedDataCache/Compressed.ddp.
[2018.11.30-16.27.03:837][  0]LogDerivedDataCache: Display: Pak cache opened for reading ../../../Enterprise/DerivedDataCache/Compressed.ddp.
[2018.11.30-16.27.03:849][  0]LogDerivedDataCache: Using Local data cache path C:/Users/Bruno/AppData/Local/UnrealEngine/Common/DerivedDataCache: Writable
[2018.11.30-16.27.03:849][  0]LogDerivedDataCache: Shared data cache path not found in *engine.ini, will not use an Shared cache.
[2018.11.30-16.27.03:849][  0]LogDerivedDataCache: Unable to find inner node Shared for hierarchical cache Hierarchy.
[2018.11.30-16.27.03:883][  0]LogMaterial: Verifying Global Shaders for PCD3D_SM5
[2018.11.30-16.27.03:885][  0]LogSlate: Using FreeType 2.6.0
[2018.11.30-16.27.03:885][  0]LogSlate: SlateFontServices - WITH_FREETYPE: 1, WITH_HARFBUZZ: 1
[2018.11.30-16.27.03:980][  0]LogAssetRegistry: FAssetRegistry took 0.0374 seconds to start up
[2018.11.30-16.27.04:459][  0]LogInit: Selected Device Profile: [Windows]
[2018.11.30-16.27.04:711][  0]LogSimplygon: Simplygon DLL not present - disabling.
[2018.11.30-16.27.04:713][  0]LogMeshReduction: Using SimplygonSwarm for distributed automatic mesh merging
[2018.11.30-16.27.04:713][  0]LogMeshReduction: Using ProxyLODMeshReduction for automatic mesh merging
[2018.11.30-16.27.04:713][  0]LogMeshReduction: Using QuadricMeshReduction for automatic static mesh reduction
[2018.11.30-16.27.04:713][  0]LogMeshReduction: No automatic skeletal mesh reduction module available
[2018.11.30-16.27.04:738][  0]LogNetVersion: Dynamesh 1.0.0, NetCL: 4541578, EngineNetVer: 5, GameNetVer: 0 (Checksum: 535161078)
[2018.11.30-16.27.05:583][  0]LogPackageLocalizationCache: Processed 14 localized package path(s) for 1 prioritized culture(s) in 0.061578 seconds
[2018.11.30-16.27.05:592][  0]LogUObjectArray: 39796 objects as part of root set at end of initial load.
[2018.11.30-16.27.05:592][  0]LogUObjectAllocator: 6916344 out of 0 bytes used by permanent object pool.
[2018.11.30-16.27.05:592][  0]LogUObjectArray: CloseDisregardForGC: 0/0 objects in disregard for GC pool
[2018.11.30-16.27.06:575][  0]LogTcpMessaging: Initializing TcpMessaging bridge
[2018.11.30-16.27.06:590][  0]LogUdpMessaging: Initializing bridge on interface 0.0.0.0:0 to multicast group 230.0.0.1:6666.
[2018.11.30-16.27.09:074][  0]SourceControl: Source control is disabled
[2018.11.30-16.27.09:074][  0]SourceControl: Source control is disabled
[2018.11.30-16.27.09:075][  0]SourceControl: Source control is disabled
[2018.11.30-16.27.09:076][  0]SourceControl: Source control is disabled
[2018.11.30-16.27.09:243][  0]LogAndroidPermission: UAndroidPermissionCallbackProxy::GetInstance
[2018.11.30-16.27.09:302][  0]LogOcInput: OculusInput pre-init called
[2018.11.30-16.27.10:797][  0]LogEngine: Initializing Engine...
[2018.11.30-16.27.10:799][  0]LogHMD: Failed to initialize OpenVR with code 110
[2018.11.30-16.27.10:800][  0]LogStats: UGameplayTagsManager::ConstructGameplayTagTree: ImportINI prefixes -  0.000 s
[2018.11.30-16.27.10:801][  0]LogStats: UGameplayTagsManager::ConstructGameplayTagTree: Construct from data asset -  0.000 s
[2018.11.30-16.27.10:801][  0]LogStats: UGameplayTagsManager::ConstructGameplayTagTree: ImportINI -  0.000 s
[2018.11.30-16.27.10:801][  0]LogStats: UGameplayTagsManager::ConstructGameplayTagTree: GameplayTagTreeChangedEvent.Broadcast -  0.000 s
[2018.11.30-16.27.11:101][  0]LogInit: Initializing FReadOnlyCVARCache
[2018.11.30-16.27.11:114][  0]LogAIModule: Creating AISystem for world Untitled
[2018.11.30-16.27.11:136][  0]LogInit: XAudio2 using 'Alto-falantes (Dispositivo de High Definition Audio)' : 2 channels at 44.1 kHz using 16 bits per sample (channel mask 0x3)
[2018.11.30-16.27.11:147][  0]LogInit: FAudioDevice initialized.
[2018.11.30-16.27.11:147][  0]LogNetVersion: Set ProjectVersion to 1.0.0.0. Version Checksum will be recalculated on next use.
[2018.11.30-16.27.11:295][  0]LogDerivedDataCache: Saved boot cache 0.15s 87MB C:/Users/Bruno/AppData/Local/UnrealEngine/4.21/DerivedDataCache/Boot.ddc.
[2018.11.30-16.27.11:303][  0]LogInit: Texture streaming: Enabled
[2018.11.30-16.27.11:320][  0]LogEngineSessionManager: EngineSessionManager initialized
[2018.11.30-16.27.11:331][  0]LogInit: Transaction tracking system initialized
[2018.11.30-16.27.11:348][  0]BlueprintLog: New page: Editor Load
[2018.11.30-16.27.18:354][  0]LocalizationService: Localization service is disabled
[2018.11.30-16.27.19:024][  0]LogCook: Display: Max memory allowance for cook 16384mb min free memory 0mb
[2018.11.30-16.27.19:024][  0]LogCook: Display: Mobile HDR setting 1
[2018.11.30-16.27.19:024][  0]LogGameplayTags: Display: UGameplayTagsManager::DoneAddingNativeTags. DelegateIsBound: 0
[2018.11.30-16.27.19:024][  0]LogStats: UGameplayTagsManager::ConstructGameplayTagTree: ImportINI prefixes -  0.000 s
[2018.11.30-16.27.19:024][  0]LogStats: UGameplayTagsManager::ConstructGameplayTagTree: Construct from data asset -  0.000 s
[2018.11.30-16.27.19:024][  0]LogStats: UGameplayTagsManager::ConstructGameplayTagTree: ImportINI -  0.000 s
[2018.11.30-16.27.19:024][  0]LogStats: UGameplayTagsManager::ConstructGameplayTagTree: GameplayTagTreeChangedEvent.Broadcast -  0.000 s
[2018.11.30-16.27.19:380][  0]LogFileCache: Scanning file cache for directory 'E:/Uwpgf/Dynamesh/Content/' took 0.02s
[2018.11.30-16.27.29:829][  0]LogDerivedDataCache: FFileSystemDerivedDataBackend: Move collision, attempt at redundant update, OK C:/Users/Bruno/AppData/Local/UnrealEngine/Common/DerivedDataCache/6/8/6/MESHDATAKEY_STATICMESH_42190ADE250046AC958045C7DA930FECED22489A741846E9830C0AEFB207E591_8027C826C57AD83DD7B1640694B248F9.udd.
[2018.11.30-16.27.32:200][  0]LogDerivedDataCache: FFileSystemDerivedDataBackend: Move collision, attempt at redundant update, OK C:/Users/Bruno/AppData/Local/UnrealEngine/Common/DerivedDataCache/1/4/1/MESHDATAKEY_STATICMESH_42190ADE250046AC958045C7DA930FECED22489A741846E9830C0AEFB207E591_2E91A85898AF5E229CA7ABE6BAD5BCAF.udd.
[2018.11.30-16.27.40:332][  0]SourceControl: Source control is disabled
[2018.11.30-16.27.40:332][  0]Cmd: MAP LOAD FILE="E:/Uwpgf/Dynamesh/Content/ThirdPersonBP/Maps/ThirdPersonExampleMap.umap" TEMPLATE=0 SHOWPROGRESS=1 FEATURELEVEL=3
[2018.11.30-16.27.41:026][  0]LightingResults: New page: Lighting Build
[2018.11.30-16.27.41:177][  0]MapCheck: New page: Map Check
[2018.11.30-16.27.41:177][  0]LightingResults: New page: Lighting Build
[2018.11.30-16.28.25:354][  0]LogLinker: Warning: Can't find file '/Game/ThirdPersonBP/Maps/ThirdPersonExampleMap_BuiltData'
[2018.11.30-16.28.25:354][  0]LogLinker: Warning: Can't find file for asset '/Game/ThirdPersonBP/Maps/ThirdPersonExampleMap_BuiltData' while loading E:/Uwpgf/Dynamesh/Content/ThirdPersonBP/Maps/ThirdPersonExampleMap.umap.
[2018.11.30-16.28.25:355][  0]LoadErrors: Error: /Game/ThirdPersonBP/Maps/ThirdPersonExampleMap : Can't find file for asset. /Game/ThirdPersonBP/Maps/ThirdPersonExampleMap_BuiltData
[2018.11.30-16.28.25:499][  0]LogLinker: Warning: Can't find file '/Game/ThirdPersonBP/Maps/ThirdPersonExampleMap_BuiltData'
[2018.11.30-16.28.25:499][  0]LogLinker: Warning: Can't find file for asset '/Game/ThirdPersonBP/Maps/ThirdPersonExampleMap_BuiltData' while loading E:/Uwpgf/Dynamesh/Content/ThirdPersonBP/Maps/ThirdPersonExampleMap.umap.
[2018.11.30-16.28.25:499][  0]LoadErrors: Error: /Game/ThirdPersonBP/Maps/ThirdPersonExampleMap : Can't find file for asset. /Game/ThirdPersonBP/Maps/ThirdPersonExampleMap_BuiltData
[2018.11.30-16.28.25:508][  0]LogLinker: Warning: Can't find file '/Game/ThirdPersonBP/Maps/ThirdPersonExampleMap_BuiltData'
[2018.11.30-16.28.25:508][  0]LogLinker: Warning: Can't find file for asset '/Game/ThirdPersonBP/Maps/ThirdPersonExampleMap_BuiltData' while loading NULL.
[2018.11.30-16.28.25:509][  0]LogLinker: Warning: Can't find file '/Game/ThirdPersonBP/Maps/ThirdPersonExampleMap_BuiltData'
[2018.11.30-16.28.25:509][  0]LogLinker: Warning: Can't find file for asset '/Game/ThirdPersonBP/Maps/ThirdPersonExampleMap_BuiltData' while loading NULL.
[2018.11.30-16.28.25:617][  0]LogLinker: Warning: Can't find file '/Game/ThirdPersonBP/Maps/ThirdPersonExampleMap_BuiltData'
[2018.11.30-16.28.25:617][  0]LoadErrors: Failed to load /Game/ThirdPersonBP/Maps/ThirdPersonExampleMap_BuiltData.ThirdPersonExampleMap_BuiltData Referenced by PersistentLevel
[2018.11.30-16.28.25:617][  0]LogLinker: Warning: Can't find file for asset '/Game/ThirdPersonBP/Maps/ThirdPersonExampleMap_BuiltData' while loading NULL.
[2018.11.30-16.28.25:617][  0]LoadErrors: Failed to load /Game/ThirdPersonBP/Maps/ThirdPersonExampleMap_BuiltData.ThirdPersonExampleMap_BuiltData Referenced by PersistentLevel
[2018.11.30-16.28.27:003][  0]LogAIModule: Creating AISystem for world ThirdPersonExampleMap
[2018.11.30-16.28.27:920][  0]LogEditorServer: Finished looking for orphan Actors (0.000 secs)
[2018.11.30-16.28.28:012][  0]Cmd: MAP CHECKDEP NOCLEARLOG
[2018.11.30-16.28.28:012][  0]MapCheck: Map check complete: 0 Error(s), 0 Warning(s), took 0.088ms to complete.
[2018.11.30-16.28.28:012][  0]LogFileHelpers: Loading map 'ThirdPersonExampleMap' took 47.680
[2018.11.30-16.28.30:996][  0]LogSlate: Updating window title bar state: overlay mode, drag disabled, window buttons hidden, title bar hidden
[2018.11.30-16.28.31:004][  0]LogSlate: Updating window title bar state: overlay mode, drag disabled, window buttons hidden, title bar hidden
[2018.11.30-16.28.31:012][  0]LogSlate: Updating window title bar state: overlay mode, drag disabled, window buttons hidden, title bar hidden
[2018.11.30-16.28.31:020][  0]LogSlate: Updating window title bar state: overlay mode, drag disabled, window buttons hidden, title bar hidden
[2018.11.30-16.28.39:600][  0]LogTemp: Executing iPhonePackager certificates Engine -bundlename com.YourCompany.Dynamesh
[2018.11.30-16.28.39:600][  0]LogTemp: CWD: F:\Program Files (x86)\UE_4.21\Engine\Binaries\DotNET\IOS
[2018.11.30-16.28.39:600][  0]LogTemp: Initial Dir: F:\Program Files (x86)\UE_4.21
[2018.11.30-16.28.39:600][  0]LogTemp: Env CWD: F:\Program Files (x86)\UE_4.21\Engine\Binaries\DotNET\IOS
[2018.11.30-16.28.39:600][  0]LogTemp: BranchPath = DESKTOP-VGJIUES/F/Program Files (x86)/UE_4.21/Engine/Binaries --- GameBranchPath = DESKTOP-VGJIUES/F/Program Files (x86)/UE_4.21/Engine/Binaries
[2018.11.30-16.28.39:600][  0]LogTemp: IPP ERROR: Could not find provision directory 'C:\Users\Bruno\AppData\Local/Apple Computer/MobileDevice/Provisioning Profiles/'.
[2018.11.30-16.28.39:600][  0]LogSlate: Only BGRA pngs, bmps or icos are supported in by External Image Picker
[2018.11.30-16.28.40:337][  0]LogCollectionManager: Loaded 0 collections in 0.001339 seconds
[2018.11.30-16.28.41:977][  0]LogFileCache: Scanning file cache for directory 'E:/Uwpgf/Dynamesh/Saved/Collections/' took 0.01s
[2018.11.30-16.28.41:977][  0]LogFileCache: Scanning file cache for directory 'E:/Uwpgf/Dynamesh/Content/Developers/Bruno/Collections/' took 0.01s
[2018.11.30-16.28.41:977][  0]LogFileCache: Scanning file cache for directory 'E:/Uwpgf/Dynamesh/Content/Collections/' took 0.01s
[2018.11.30-16.28.41:977][  0]LogCollectionManager: Rebuilt the GUID cache for 0 collections in 0.000001 seconds
[2018.11.30-16.28.42:077][  0]LogContentBrowser: Native class hierarchy populated in 0.0415 seconds. Added 2717 classes and 657 folders.
[2018.11.30-16.28.42:232][  0]LogContentBrowser: Native class hierarchy updated for 'WidgetCarousel' in 0.0003 seconds. Added 0 classes and 0 folders.
[2018.11.30-16.28.42:429][  0]LogPakFile: Registered encryption key '00000000000000000000000000000000': 0 pak files mounted, 0 remain pending
[2018.11.30-16.28.42:490][  0]LogPakFile: Registered encryption key '00000000000000000000000000000000': 0 pak files mounted, 0 remain pending
[2018.11.30-16.28.42:550][  0]LogPakFile: Registered encryption key '00000000000000000000000000000000': 0 pak files mounted, 0 remain pending
[2018.11.30-16.28.42:611][  0]LogPakFile: Registered encryption key '00000000000000000000000000000000': 0 pak files mounted, 0 remain pending
[2018.11.30-16.28.42:724][  0]LogPakFile: Registered encryption key '00000000000000000000000000000000': 0 pak files mounted, 0 remain pending
[2018.11.30-16.28.42:755][  0]LogPakFile: Registered encryption key '00000000000000000000000000000000': 0 pak files mounted, 0 remain pending
[2018.11.30-16.28.42:776][  0]LogPakFile: Registered encryption key '00000000000000000000000000000000': 0 pak files mounted, 0 remain pending
[2018.11.30-16.28.42:858][  0]LogPakFile: Registered encryption key '00000000000000000000000000000000': 0 pak files mounted, 0 remain pending
[2018.11.30-16.28.42:980][  0]LogPakFile: Registered encryption key '00000000000000000000000000000000': 0 pak files mounted, 0 remain pending
[2018.11.30-16.28.43:030][  0]LogPakFile: Registered encryption key '00000000000000000000000000000000': 0 pak files mounted, 0 remain pending
[2018.11.30-16.28.43:037][  0]LogPakFile: Registered encryption key '00000000000000000000000000000000': 0 pak files mounted, 0 remain pending
[2018.11.30-16.28.43:102][  0]LogPakFile: Registered encryption key '00000000000000000000000000000000': 0 pak files mounted, 0 remain pending
[2018.11.30-16.28.43:118][  0]LogPakFile: Registered encryption key '00000000000000000000000000000000': 0 pak files mounted, 0 remain pending
[2018.11.30-16.28.43:133][  0]LogPakFile: Registered encryption key '00000000000000000000000000000000': 0 pak files mounted, 0 remain pending
[2018.11.30-16.28.43:178][  0]LogPakFile: Registered encryption key '00000000000000000000000000000000': 0 pak files mounted, 0 remain pending
[2018.11.30-16.28.43:235][  0]LogPakFile: Registered encryption key '00000000000000000000000000000000': 0 pak files mounted, 0 remain pending
[2018.11.30-16.28.43:360][  0]LogPakFile: Registered encryption key '00000000000000000000000000000000': 0 pak files mounted, 0 remain pending
[2018.11.30-16.28.43:395][  0]LogPakFile: Registered encryption key '00000000000000000000000000000000': 0 pak files mounted, 0 remain pending
[2018.11.30-16.28.43:408][  0]LogPakFile: Registered encryption key '00000000000000000000000000000000': 0 pak files mounted, 0 remain pending
[2018.11.30-16.28.43:436][  0]LogPakFile: Registered encryption key '00000000000000000000000000000000': 0 pak files mounted, 0 remain pending
[2018.11.30-16.28.43:495][  0]LogPakFile: Registered encryption key '00000000000000000000000000000000': 0 pak files mounted, 0 remain pending
[2018.11.30-16.28.43:510][  0]LogPakFile: Registered encryption key '00000000000000000000000000000000': 0 pak files mounted, 0 remain pending
[2018.11.30-16.28.43:590][  0]LogPakFile: Registered encryption key '00000000000000000000000000000000': 0 pak files mounted, 0 remain pending
[2018.11.30-16.28.43:670][  0]LogPakFile: Registered encryption key '00000000000000000000000000000000': 0 pak files mounted, 0 remain pending
[2018.11.30-16.28.43:752][  0]LogPakFile: Registered encryption key '00000000000000000000000000000000': 0 pak files mounted, 0 remain pending
[2018.11.30-16.28.43:788][  0]LogPakFile: Registered encryption key '00000000000000000000000000000000': 0 pak files mounted, 0 remain pending
[2018.11.30-16.28.43:870][  0]LogPakFile: Registered encryption key '00000000000000000000000000000000': 0 pak files mounted, 0 remain pending
[2018.11.30-16.28.44:006][  0]LogPakFile: Registered encryption key '00000000000000000000000000000000': 0 pak files mounted, 0 remain pending
[2018.11.30-16.28.47:327][  0]LogContentBrowser: Native class hierarchy updated for 'AddContentDialog' in 0.0003 seconds. Added 0 classes and 0 folders.
[2018.11.30-16.28.47:740][  0]LogSlate: Took 0.026991 seconds to synchronously load lazily loaded font '../../../Engine/Content/Slate/Fonts/Roboto-Regular.ttf' (155K)
[2018.11.30-16.28.47:822][  0]LogSlate: Took 0.078936 seconds to synchronously load lazily loaded font '../../../Engine/Content/Slate/Fonts/Roboto-Bold.ttf' (160K)
[2018.11.30-16.28.48:744][  0]LogRenderer: Reallocating scene render targets to support 1144x904 Format 9 NumSamples 1 (Frame:1).
[2018.11.30-16.28.49:844][  0]LogContentBrowser: Native class hierarchy updated for 'HierarchicalLODOutliner' in 0.0004 seconds. Added 0 classes and 0 folders.
[2018.11.30-16.28.49:844][  0]LogLoad: (Engine Initialization) Total time: 133.67 seconds
[2018.11.30-16.28.49:844][  0]LogLoad: (Engine Initialization) Total Blueprint compile time: 0.00 seconds
[2018.11.30-16.28.50:289][  0]LogContentStreaming: Texture pool size now 800 MB
[2018.11.30-16.28.50:323][  0]LogSlate: FSceneViewport::OnFocusLost() reason 2
[2018.11.30-16.28.51:457][  2]LogConfig: Warning: Failed to saved backup for config[E:/Uwpgf/Dynamesh/Intermediate/Config/CoalescedSourceConfigs/Engine.ini]
[2018.11.30-16.28.51:653][  2]LogSlate: Took 0.010087 seconds to synchronously load lazily loaded font '../../../Engine/Content/Slate/Fonts/Roboto-Light.ttf' (167K)
[2018.11.30-16.31.25:204][786]LogAssetRegistry: Asset discovery search completed in 261.2461 seconds
[2018.11.30-16.31.25:214][786]LogCollectionManager: Rebuilt the object cache for 0 collections in 0.000000 seconds (found 0 objects)
[2018.11.30-16.31.25:214][786]LogCollectionManager: Fixed up redirectors for 0 collections in 0.006704 seconds (updated 0 objects)
[2018.11.30-16.43.33:447][935]LogSlate: Window 'Message Log' being destroyed
[2018.11.30-16.43.33:463][935]LogSlate: Window 'Message Log' being destroyed
[2018.11.30-16.48.42:987][784]LogSlate: Window 'Dynamesh - Unreal Editor' being destroyed
[2018.11.30-16.48.44:249][785]Cmd: QUIT_EDITOR
[2018.11.30-16.48.44:911][785]LogExit: Preparing to exit.
[2018.11.30-16.48.46:683][785]LogExit: Editor shut down
[2018.11.30-16.48.46:684][785]LogExit: Transaction tracking system shut down
[2018.11.30-16.48.48:687][785]LogExit: Object subsystem successfully closed.
[2018.11.30-16.48.48:835][785]LogShaderCompilers: Display: Shaders left to compile 0
[2018.11.30-16.48.48:856][785]LogD3D11RHI: Shutdown
[2018.11.30-16.48.48:865][785]LogD3D11RHI: CleanupD3DDevice
[2018.11.30-16.48.49:032][785]LogD3D11RHI: ~FD3D11DynamicRHI
[2018.11.30-16.48.50:452][785]LogModuleManager: Shutting down and abandoning module HierarchicalLODOutliner (648)
[2018.11.30-16.48.50:452][785]LogModuleManager: Shutting down and abandoning module AddContentDialog (646)
[2018.11.30-16.48.50:522][785]LogModuleManager: Shutting down and abandoning module WidgetCarousel (645)
[2018.11.30-16.48.50:522][785]LogModuleManager: Shutting down and abandoning module EditorWidgets (642)
[2018.11.30-16.48.50:522][785]LogModuleManager: Shutting down and abandoning module CollectionManager (640)
[2018.11.30-16.48.50:528][785]LogModuleManager: Shutting down and abandoning module ExternalImagePicker (638)
[2018.11.30-16.48.50:528][785]LogModuleManager: Shutting down and abandoning module SceneOutliner (636)
[2018.11.30-16.48.50:528][785]LogModuleManager: Shutting down and abandoning module StatsViewer (634)
[2018.11.30-16.48.50:550][785]LogModuleManager: Shutting down and abandoning module FoliageEdit (632)
[2018.11.30-16.48.50:550][785]LogModuleManager: Shutting down and abandoning module LandscapeEditor (630)
[2018.11.30-16.48.50:578][785]LogModuleManager: Shutting down and abandoning module MeshPaintMode (628)
[2018.11.30-16.48.50:584][785]LogModuleManager: Shutting down and abandoning module SceneDepthPickerMode (626)
[2018.11.30-16.48.50:584][785]LogModuleManager: Shutting down and abandoning module ActorPickerMode (624)
[2018.11.30-16.48.50:584][785]LogModuleManager: Shutting down and abandoning module GeometryMode (622)
[2018.11.30-16.48.50:584][785]LogModuleManager: Shutting down and abandoning module TextureAlignMode (620)
[2018.11.30-16.48.50:584][785]LogModuleManager: Shutting down and abandoning module BspMode (618)
[2018.11.30-16.48.50:584][785]LogModuleManager: Shutting down and abandoning module PIEPreviewDeviceProfileSelector (616)
[2018.11.30-16.48.50:591][785]LogModuleManager: Shutting down and abandoning module SequenceRecorderSections (614)
[2018.11.30-16.48.50:591][785]LogModuleManager: Shutting down and abandoning module AutomationWorker (612)
[2018.11.30-16.48.50:595][785]LogModuleManager: Shutting down and abandoning module DatasmithFBXImporter (610)
[2018.11.30-16.48.50:610][785]LogModuleManager: Shutting down and abandoning module DatasmithDeltaGenImporter (608)
[2018.11.30-16.48.50:613][785]LogModuleManager: Shutting down and abandoning module DatasmithVREDImporter (606)
[2018.11.30-16.48.50:613][785]LogModuleManager: Shutting down and abandoning module AudioCaptureEditor (604)
[2018.11.30-16.48.50:613][785]LogModuleManager: Shutting down and abandoning module MatineeToLevelSequence (602)
[2018.11.30-16.48.50:672][785]LogModuleManager: Shutting down and abandoning module LevelSequenceEditor (600)
[2018.11.30-16.48.50:722][785]LogModuleManager: Shutting down and abandoning module PlacementMode (599)
[2018.11.30-16.48.50:722][785]LogModuleManager: Shutting down and abandoning module MaterialEditor (598)
[2018.11.30-16.48.50:747][785]LogModuleManager: Shutting down and abandoning module WmfMediaFactory (594)
[2018.11.30-16.48.50:751][785]LogModuleManager: Shutting down and abandoning module WmfMediaEditor (592)
[2018.11.30-16.48.50:752][785]LogModuleManager: Shutting down and abandoning module WebMMediaFactory (590)
[2018.11.30-16.48.50:780][785]LogModuleManager: Shutting down and abandoning module WebMMediaEditor (588)
[2018.11.30-16.48.50:780][785]LogModuleManager: Shutting down and abandoning module WebMMedia (586)
[2018.11.30-16.48.50:780][785]LogModuleManager: Shutting down and abandoning module MediaPlayerEditor (584)
[2018.11.30-16.48.50:791][785]LogModuleManager: Shutting down and abandoning module MediaCompositingEditor (582)
[2018.11.30-16.48.50:838][785]LogModuleManager: Shutting down and abandoning module SequenceRecorder (581)
[2018.11.30-16.48.50:839][785]LogModuleManager: Shutting down and abandoning module OpenExrWrapper (578)
[2018.11.30-16.48.50:839][785]LogModuleManager: Shutting down and abandoning module ImgMediaFactory (576)
[2018.11.30-16.48.50:839][785]LogModuleManager: Shutting down and abandoning module ImgMediaEditor (574)
[2018.11.30-16.48.50:839][785]LogModuleManager: Shutting down and abandoning module AvfMediaFactory (572)
[2018.11.30-16.48.50:839][785]LogModuleManager: Shutting down and abandoning module AvfMediaEditor (570)
[2018.11.30-16.48.50:839][785]LogModuleManager: Shutting down and abandoning module AndroidMediaFactory (568)
[2018.11.30-16.48.50:839][785]LogModuleManager: Shutting down and abandoning module AndroidMediaEditor (566)
[2018.11.30-16.48.50:839][785]LogModuleManager: Shutting down and abandoning module MagicLeapCameraPreviewFactory (564)
[2018.11.30-16.48.50:839][785]LogModuleManager: Shutting down and abandoning module MagicLeapMediaFactory (562)
[2018.11.30-16.48.50:839][785]LogModuleManager: Shutting down and abandoning module MagicLeapMediaEditor (560)
[2018.11.30-16.48.50:839][785]LogModuleManager: Shutting down and abandoning module CharacterAI (558)
[2018.11.30-16.48.50:839][785]LogModuleManager: Shutting down and abandoning module SmartSnapping (556)
[2018.11.30-16.48.50:839][785]LogModuleManager: Shutting down and abandoning module SessionServices (554)
[2018.11.30-16.48.50:839][785]LogModuleManager: Shutting down and abandoning module ViewportSnapping (552)
[2018.11.30-16.48.50:839][785]LogModuleManager: Shutting down and abandoning module ViewportInteraction (550)
[2018.11.30-16.48.50:840][785]LogModuleManager: Shutting down and abandoning module ClothPainter (548)
[2018.11.30-16.48.50:866][785]LogModuleManager: Shutting down and abandoning module SkeletalMeshEditor (547)
[2018.11.30-16.48.50:884][785]LogModuleManager: Shutting down and abandoning module LogVisualizer (544)
[2018.11.30-16.48.50:914][785]LogModuleManager: Shutting down and abandoning module IntroTutorials (542)
[2018.11.30-16.48.50:943][785]LogModuleManager: Shutting down and abandoning module GameProjectGeneration (541)
[2018.11.30-16.48.50:978][785]LogModuleManager: Shutting down and abandoning module LuminPlatformEditor (538)
[2018.11.30-16.48.50:978][785]LogModuleManager: Shutting down and abandoning module IOSPlatformEditor (536)
[2018.11.30-16.48.50:978][785]LogModuleManager: Shutting down and abandoning module HTML5PlatformEditor (534)
[2018.11.30-16.48.50:978][785]LogModuleManager: Shutting down and abandoning module AndroidPlatformEditor (532)
[2018.11.30-16.48.50:979][785]LogModuleManager: Shutting down and abandoning module AndroidDeviceDetection (531)
[2018.11.30-16.48.52:373][785]LogModuleManager: Shutting down and abandoning module WindowsPlatformEditor (528)
[2018.11.30-16.48.52:373][785]LogModuleManager: Shutting down and abandoning module LuminRuntimeSettings (526)
[2018.11.30-16.48.52:373][785]LogModuleManager: Shutting down and abandoning module IOSRuntimeSettings (524)
[2018.11.30-16.48.52:373][785]LogModuleManager: Shutting down and abandoning module AndroidRuntimeSettings (522)
[2018.11.30-16.48.52:373][785]LogModuleManager: Shutting down and abandoning module TimeManagementEditor (520)
[2018.11.30-16.48.52:382][785]LogModuleManager: Shutting down and abandoning module InputBindingEditor (518)
[2018.11.30-16.48.52:389][785]LogModuleManager: Shutting down and abandoning module MergeActors (516)
[2018.11.30-16.48.52:402][785]LogModuleManager: Shutting down and abandoning module LocalizationDashboard (514)
[2018.11.30-16.48.52:431][785]LogModuleManager: Shutting down and abandoning module LocalizationService (513)
[2018.11.30-16.48.52:437][785]LogModuleManager: Shutting down and abandoning module HardwareTargeting (510)
[2018.11.30-16.48.52:437][785]LogModuleManager: Shutting down and abandoning module DeviceProfileEditor (508)
[2018.11.30-16.48.52:444][785]LogModuleManager: Shutting down and abandoning module UndoHistory (506)
[2018.11.30-16.48.52:446][785]LogModuleManager: Shutting down and abandoning module XmlParser (504)
[2018.11.30-16.48.52:460][785]LogModuleManager: Shutting down and abandoning module Blutility (502)
[2018.11.30-16.48.52:460][785]LogModuleManager: Shutting down and abandoning module ProjectSettingsViewer (500)
[2018.11.30-16.48.52:460][785]LogModuleManager: Shutting down and abandoning module ProjectTargetPlatformEditor (499)
[2018.11.30-16.48.52:472][785]LogModuleManager: Shutting down and abandoning module EditorSettingsViewer (496)
[2018.11.30-16.48.52:472][785]LogModuleManager: Shutting down and abandoning module SettingsEditor (494)
[2018.11.30-16.48.52:472][785]LogModuleManager: Shutting down and abandoning module ProjectLauncher (492)
[2018.11.30-16.48.52:487][785]LogModuleManager: Shutting down and abandoning module SessionFrontend (490)
[2018.11.30-16.48.52:489][785]LogModuleManager: Shutting down and abandoning module ProfilerClient (488)
[2018.11.30-16.48.52:494][785]LogModuleManager: Shutting down and abandoning module DeviceManager (486)
[2018.11.30-16.48.52:500][785]LogModuleManager: Shutting down and abandoning module TargetDeviceServices (485)
[2018.11.30-16.48.52:561][785]LogModuleManager: Shutting down and abandoning module AutomationController (482)
[2018.11.30-16.48.52:592][785]LogModuleManager: Shutting down and abandoning module AutomationWindow (480)
[2018.11.30-16.48.52:617][785]LogModuleManager: Shutting down and abandoning module Layers (478)
[2018.11.30-16.48.52:629][785]LogModuleManager: Shutting down and abandoning module ComponentVisualizers (476)
[2018.11.30-16.48.52:629][785]LogModuleManager: Shutting down and abandoning module DetailCustomizations (474)
[2018.11.30-16.48.52:630][785]LogModuleManager: Shutting down and abandoning module PackagesDialog (472)
[2018.11.30-16.48.52:655][785]LogModuleManager: Shutting down and abandoning module Persona (470)
[2018.11.30-16.48.52:678][785]LogModuleManager: Shutting down and abandoning module AnimGraph (469)
[2018.11.30-16.48.52:681][785]LogModuleManager: Shutting down and abandoning module Kismet (466)
[2018.11.30-16.48.52:711][785]LogModuleManager: Shutting down and abandoning module GraphEditor (464)
[2018.11.30-16.48.52:752][785]LogModuleManager: Shutting down and abandoning module ClassViewer (462)
[2018.11.30-16.48.52:757][785]LogModuleManager: Shutting down and abandoning module Toolbox (460)
[2018.11.30-16.48.52:757][785]LogModuleManager: Shutting down and abandoning module ModuleUI (458)
[2018.11.30-16.48.52:765][785]LogModuleManager: Shutting down and abandoning module MovieSceneTools (456)
[2018.11.30-16.48.52:780][785]LogModuleManager: Shutting down and abandoning module OutputLog (454)
[2018.11.30-16.48.52:788][785]LogModuleManager: Shutting down and abandoning module GammaUI (452)
[2018.11.30-16.48.52:797][785]LogModuleManager: Shutting down and abandoning module Documentation (450)
[2018.11.30-16.48.52:797][785]LogModuleManager: Shutting down and abandoning module MovieSceneTracks (448)
[2018.11.30-16.48.52:797][785]LogModuleManager: Shutting down and abandoning module MovieScene (446)
[2018.11.30-16.48.52:797][785]LogModuleManager: Shutting down and abandoning module StreamingPauseRendering (444)
[2018.11.30-16.48.52:798][785]LogModuleManager: Shutting down and abandoning module LauncherPlatform (442)
[2018.11.30-16.48.52:798][785]LogModuleManager: Shutting down and abandoning module AnalyticsET (440)
[2018.11.30-16.48.52:798][785]LogModuleManager: Shutting down and abandoning module PortalServices (438)
[2018.11.30-16.48.52:798][785]LogModuleManager: Shutting down and abandoning module PortalRpc (436)
[2018.11.30-16.48.52:798][785]LogModuleManager: Shutting down and abandoning module MessagingRpc (434)
[2018.11.30-16.48.52:798][785]LogModuleManager: Shutting down and abandoning module AIModule (432)
[2018.11.30-16.48.52:805][785]LogModuleManager: Shutting down and abandoning module GameplayDebugger (431)
[2018.11.30-16.48.52:808][785]LogModuleManager: Shutting down and abandoning module AITestSuite (429)
[2018.11.30-16.48.52:815][785]LogModuleManager: Shutting down and abandoning module NavigationSystem (427)
[2018.11.30-16.48.52:815][785]LogModuleManager: Shutting down and abandoning module DesktopPlatform (424)
[2018.11.30-16.48.52:823][785]LogModuleManager: Shutting down and abandoning module ImageWriteQueue (422)
[2018.11.30-16.48.52:827][785]LogModuleManager: Shutting down and abandoning module ProfilerService (420)
[2018.11.30-16.48.52:845][785]LogModuleManager: Shutting down and abandoning module TaskGraph (418)
[2018.11.30-16.48.52:859][785]LogModuleManager: Shutting down and abandoning module DatasmithCADImporter (416)
[2018.11.30-16.48.52:870][785]LogModuleManager: Shutting down and abandoning module VariantManager (414)
[2018.11.30-16.48.52:891][785]LogModuleManager: Shutting down and abandoning module StaticMeshEditorExtension (412)
[2018.11.30-16.48.52:920][785]LogModuleManager: Shutting down and abandoning module StaticMeshEditor (411)
[2018.11.30-16.48.52:943][785]LogModuleManager: Shutting down and abandoning module AdvancedPreviewScene (410)
[2018.11.30-16.48.52:943][785]LogModuleManager: Shutting down and abandoning module MeshProcessingLibrary (407)
[2018.11.30-16.48.52:952][785]LogModuleManager: Shutting down and abandoning module MDLImporter (404)
[2018.11.30-16.48.52:975][785]LogModuleManager: Shutting down and abandoning module DatasmithImporter (402)
[2018.11.30-16.48.53:039][785]LogModuleManager: Shutting down and abandoning module SteamVRController (400)
[2018.11.30-16.48.53:039][785]LogModuleManager: Shutting down and abandoning module ProceduralMeshComponentEditor (398)
[2018.11.30-16.48.53:039][785]LogModuleManager: Shutting down and abandoning module ProceduralMeshComponent (396)
[2018.11.30-16.48.53:039][785]LogModuleManager: Shutting down and abandoning module OculusInput (394)
[2018.11.30-16.48.53:050][785]LogModuleManager: Shutting down and abandoning module MobilePatchingUtils (392)
[2018.11.30-16.48.53:050][785]LogModuleManager: Shutting down and abandoning module EditableMesh (390)
[2018.11.30-16.48.53:063][785]LogModuleManager: Shutting down and abandoning module CustomMeshComponent (388)
[2018.11.30-16.48.53:063][785]LogModuleManager: Shutting down and abandoning module CableComponent (386)
[2018.11.30-16.48.53:063][785]LogModuleManager: Shutting down and abandoning module AudioCapture (384)
[2018.11.30-16.48.53:063][785]LogModuleManager: Shutting down and abandoning module ArchVisCharacter (382)
[2018.11.30-16.48.53:063][785]LogModuleManager: Shutting down and abandoning module AndroidPermission (380)
[2018.11.30-16.48.53:063][785]LogModuleManager: Shutting down and abandoning module NUTUnrealEngine4 (378)
[2018.11.30-16.48.53:070][785]LogModuleManager: Shutting down and abandoning module NetcodeUnitTest (376)
[2018.11.30-16.48.53:091][785]LogModuleManager: Shutting down and abandoning module MediaCompositing (374)
[2018.11.30-16.48.53:091][785]LogModuleManager: Shutting down and abandoning module LinearTimecode (372)
[2018.11.30-16.48.53:091][785]LogModuleManager: Shutting down and abandoning module ImgMedia (370)
[2018.11.30-16.48.53:099][785]LogModuleManager: Shutting down and abandoning module HTML5Networking (368)
[2018.11.30-16.48.53:099][785]LogModuleManager: Shutting down and abandoning module GeometryCacheTracks (366)
[2018.11.30-16.48.53:099][785]LogModuleManager: Shutting down and abandoning module GeometryCacheSequencer (364)
[2018.11.30-16.48.53:099][785]LogModuleManager: Shutting down and abandoning module BackChannel (362)
[2018.11.30-16.48.53:099][785]LogModuleManager: Shutting down and abandoning module AppleVision (360)
[2018.11.30-16.48.53:099][785]LogModuleManager: Shutting down and abandoning module AppleImageUtilsBlueprintSupport (358)
[2018.11.30-16.48.53:099][785]LogModuleManager: Shutting down and abandoning module AppleImageUtils (356)
[2018.11.30-16.48.53:099][785]LogModuleManager: Shutting down and abandoning module AlembicImporter (354)
[2018.11.30-16.48.53:099][785]LogModuleManager: Shutting down and abandoning module AlembicLibrary (353)
[2018.11.30-16.48.53:099][785]LogModuleManager: Shutting down and abandoning module GeometryCache (352)
[2018.11.30-16.48.53:099][785]LogModuleManager: Shutting down and abandoning module GeometryCacheEd (351)
[2018.11.30-16.48.53:099][785]LogModuleManager: Shutting down and abandoning module VariantManagerContent (346)
[2018.11.30-16.48.53:099][785]LogModuleManager: Shutting down and abandoning module DatasmithContentEditor (344)
[2018.11.30-16.48.53:099][785]LogModuleManager: Shutting down and abandoning module SpeedTreeImporter (342)
[2018.11.30-16.48.53:099][785]LogModuleManager: Shutting down and abandoning module PluginBrowser (340)
[2018.11.30-16.48.53:136][785]LogModuleManager: Shutting down and abandoning module MobileLauncherProfileWizard (338)
[2018.11.30-16.48.53:143][785]LogModuleManager: Shutting down and abandoning module PolygonModeling (336)
[2018.11.30-16.48.53:143][785]LogModuleManager: Shutting down and abandoning module MeshEditor (334)
[2018.11.30-16.48.53:154][785]LogModuleManager: Shutting down and abandoning module EditorScriptingUtilities (332)
[2018.11.30-16.48.53:154][785]LogModuleManager: Shutting down and abandoning module CryptoKeysOpenSSL (330)
[2018.11.30-16.48.53:156][785]LogModuleManager: Shutting down and abandoning module CryptoKeys (328)
[2018.11.30-16.48.53:156][785]LogModuleManager: Shutting down and abandoning module VisualStudioSourceCodeAccess (326)
[2018.11.30-16.48.53:161][785]LogModuleManager: Shutting down and abandoning module VisualStudioCodeSourceCodeAccess (324)
[2018.11.30-16.48.53:161][785]LogModuleManager: Shutting down and abandoning module UObjectPlugin (322)
[2018.11.30-16.48.53:161][785]LogModuleManager: Shutting down and abandoning module SubversionSourceControl (320)
[2018.11.30-16.48.53:173][785]LogModuleManager: Shutting down and abandoning module PerforceSourceControl (318)
[2018.11.30-16.48.53:201][785]LogModuleManager: Shutting down and abandoning module GitSourceControl (316)
[2018.11.30-16.48.53:226][785]LogModuleManager: Shutting down and abandoning module SourceControl (315)
[2018.11.30-16.48.53:256][785]LogModuleManager: Shutting down and abandoning module CLionSourceCodeAccess (312)
[2018.11.30-16.48.53:267][785]LogModuleManager: Shutting down and abandoning module ActorLayerUtilitiesEditor (310)
[2018.11.30-16.48.53:273][785]LogModuleManager: Shutting down and abandoning module ActorLayerUtilities (308)
[2018.11.30-16.48.53:273][785]LogModuleManager: Shutting down and abandoning module LightPropagationVolumeEditor (306)
[2018.11.30-16.48.53:273][785]LogModuleManager: Shutting down and abandoning module PaperTiledImporter (304)
[2018.11.30-16.48.53:273][785]LogModuleManager: Shutting down and abandoning module PaperSpriteSheetImporter (302)
[2018.11.30-16.48.53:273][785]LogModuleManager: Shutting down and abandoning module Paper2DEditor (300)
[2018.11.30-16.48.53:287][785]LogModuleManager: Shutting down and abandoning module MeshPaint (299)
[2018.11.30-16.48.53:301][785]LogModuleManager: Shutting down and abandoning module RuntimePhysXCooking (296)
[2018.11.30-16.48.53:301][785]LogModuleManager: Shutting down and abandoning module PhysXVehiclesEditor (294)
[2018.11.30-16.48.53:308][785]LogModuleManager: Shutting down and abandoning module PhysXVehicles (292)
[2018.11.30-16.48.53:308][785]LogModuleManager: Shutting down and abandoning module OculusEditor (290)
[2018.11.30-16.48.53:312][785]LogModuleManager: Shutting down and abandoning module LocationServicesBPLibrary (288)
[2018.11.30-16.48.53:313][785]LogModuleManager: Shutting down and abandoning module ActorSequence (286)
[2018.11.30-16.48.53:313][785]LogModuleManager: Shutting down and abandoning module UdpMessaging (284)
[2018.11.30-16.48.53:414][785]LogModuleManager: Shutting down and abandoning module TcpMessaging (282)
[2018.11.30-16.48.53:522][785]LogModuleManager: Shutting down and abandoning module MagicLeapAudio (280)
[2018.11.30-16.48.53:522][785]LogModuleManager: Shutting down and abandoning module GameplayTagsEditor (278)
[2018.11.30-16.48.53:531][785]LogModuleManager: Shutting down and abandoning module FacialAnimationEditor (276)
[2018.11.30-16.48.53:531][785]LogModuleManager: Shutting down and abandoning module FacialAnimation (274)
[2018.11.30-16.48.53:531][785]LogModuleManager: Shutting down and abandoning module DataValidation (272)
[2018.11.30-16.48.53:537][785]LogModuleManager: Shutting down and abandoning module AssetManagerEditor (270)
[2018.11.30-16.48.53:545][785]LogModuleManager: Shutting down and abandoning module LevelEditor (269)
[2018.11.30-16.48.53:576][785]LogModuleManager: Shutting down and abandoning module PixelInspectorModule (268)
[2018.11.30-16.48.53:597][785]LogModuleManager: Shutting down and abandoning module CommonMenuExtensions (266)
[2018.11.30-16.48.53:605][785]LogModuleManager: Shutting down and abandoning module MainFrame (264)
[2018.11.30-16.48.53:614][785]LogModuleManager: Shutting down and abandoning module HotReload (263)
[2018.11.30-16.48.53:678][785]LogModuleManager: Shutting down and abandoning module ContentBrowser (259)
[2018.11.30-16.48.53:701][785]LogModuleManager: Shutting down and abandoning module TreeMap (257)
[2018.11.30-16.48.53:705][785]LogModuleManager: Shutting down and abandoning module LightPropagationVolumeRuntime (254)
[2018.11.30-16.48.53:705][785]LogModuleManager: Shutting down and abandoning module AISupportModule (252)
[2018.11.30-16.48.53:705][785]LogModuleManager: Shutting down and abandoning module Paper2D (250)
[2018.11.30-16.48.53:705][785]LogModuleManager: Shutting down and abandoning module WindowsMoviePlayer (248)
[2018.11.30-16.48.53:716][785]LogModuleManager: Shutting down and abandoning module WebMMoviePlayer (246)
[2018.11.30-16.48.53:717][785]LogModuleManager: Shutting down and abandoning module WmfMedia (244)
[2018.11.30-16.48.53:745][785]LogModuleManager: Shutting down and abandoning module Media (243)
[2018.11.30-16.48.53:752][785]LogModuleManager: Shutting down and abandoning module PacketHandler (240)
[2018.11.30-16.48.53:752][785]LogModuleManager: Shutting down and abandoning module ClothingSystemEditor (238)
[2018.11.30-16.48.53:752][785]LogModuleManager: Shutting down and abandoning module ClothingSystemRuntime (236)
[2018.11.30-16.48.53:769][785]LogModuleManager: Shutting down and abandoning module MediaAssets (234)
[2018.11.30-16.48.53:769][785]LogModuleManager: Shutting down and abandoning module Overlay (232)
[2018.11.30-16.48.53:769][785]LogModuleManager: Shutting down and abandoning module OverlayEditor (231)
[2018.11.30-16.48.53:769][785]LogModuleManager: Shutting down and abandoning module EnvironmentQueryEditor (228)
[2018.11.30-16.48.53:787][785]LogModuleManager: Shutting down and abandoning module VREditor (226)
[2018.11.30-16.48.53:799][785]LogModuleManager: Shutting down and abandoning module StringTableEditor (224)
[2018.11.30-16.48.53:810][785]LogModuleManager: Shutting down and abandoning module GameplayTasksEditor (222)
[2018.11.30-16.48.53:810][785]LogModuleManager: Shutting down and abandoning module BehaviorTreeEditor (220)
[2018.11.30-16.48.53:827][785]LogModuleManager: Shutting down and abandoning module FunctionalTesting (218)
[2018.11.30-16.48.53:836][785]LogModuleManager: Shutting down and abandoning module CollisionAnalyzer (216)
[2018.11.30-16.48.53:856][785]LogModuleManager: Shutting down and abandoning module WorkspaceMenuStructure (215)
[2018.11.30-16.48.53:889][785]LogModuleManager: Shutting down and abandoning module UMG (212)
[2018.11.30-16.48.53:896][785]LogModuleManager: Shutting down and abandoning module UMGEditor (211)
[2018.11.30-16.48.53:922][785]LogModuleManager: Shutting down and abandoning module Sequencer (210)
[2018.11.30-16.48.53:960][785]LogModuleManager: Shutting down and abandoning module MessageLog (207)
[2018.11.30-16.48.53:960][785]LogModuleManager: Shutting down and abandoning module SlateReflector (202)
[2018.11.30-16.48.54:004][785]LogModuleManager: Shutting down and abandoning module Slate (200)
[2018.11.30-16.48.54:005][785]LogModuleManager: Shutting down and abandoning module EditorStyle (198)
[2018.11.30-16.48.54:101][785]LogModuleManager: Shutting down and abandoning module MRMesh (196)
[2018.11.30-16.48.54:101][785]LogModuleManager: Shutting down and abandoning module SourceCodeAccess (194)
[2018.11.30-16.48.54:104][785]LogModuleManager: Shutting down and abandoning module HeadMountedDisplay (192)
[2018.11.30-16.48.54:104][785]LogModuleManager: Shutting down and abandoning module XAudio2 (190)
[2018.11.30-16.48.54:104][785]LogModuleManager: Shutting down and abandoning module Networking (188)
[2018.11.30-16.48.54:104][785]LogModuleManager: Shutting down and abandoning module Core (186)
[2018.11.30-16.48.54:104][785]LogModuleManager: Shutting down and abandoning module LevelSequence (184)
[2018.11.30-16.48.54:109][785]LogModuleManager: Shutting down and abandoning module KismetCompiler (182)
[2018.11.30-16.48.54:109][785]LogModuleManager: Shutting down and abandoning module MeshUtilities (180)
[2018.11.30-16.48.54:122][785]LogModuleManager: Shutting down and abandoning module MeshMergeUtilities (179)
[2018.11.30-16.48.54:129][785]LogModuleManager: Shutting down and abandoning module MeshReductionInterface (178)
[2018.11.30-16.48.54:129][785]LogModuleManager: Shutting down and abandoning module SimplygonSwarm (177)
[2018.11.30-16.48.54:138][785]LogModuleManager: Shutting down and abandoning module ProxyLODMeshReduction (175)
[2018.11.30-16.48.54:175][785]LogModuleManager: Shutting down and abandoning module SimplygonMeshReduction (173)
[2018.11.30-16.48.54:192][785]LogModuleManager: Shutting down and abandoning module QuadricMeshReduction (171)
[2018.11.30-16.48.54:193][785]LogModuleManager: Shutting down and abandoning module MaterialBaking (167)
[2018.11.30-16.48.54:209][785]LogModuleManager: Shutting down and abandoning module DirectoryWatcher (163)
[2018.11.30-16.48.54:210][785]LogModuleManager: Shutting down and abandoning module DerivedDataCache (160)
[2018.11.30-16.48.54:268][785]LogDerivedDataCache: Shutdown
[2018.11.30-16.48.54:268][785]LogModuleManager: Shutting down and abandoning module XGEController (158)
[2018.11.30-16.48.54:269][785]LogModuleManager: Shutting down and abandoning module TargetPlatform (156)
[2018.11.30-16.48.54:269][785]LogModuleManager: Shutting down and abandoning module VulkanShaderFormat (155)
[2018.11.30-16.48.54:271][785]LogModuleManager: Shutting down and abandoning module ShaderFormatVectorVM (153)
[2018.11.30-16.48.54:276][785]LogModuleManager: Shutting down and abandoning module ShaderFormatOpenGL (151)
[2018.11.30-16.48.54:277][785]LogModuleManager: Shutting down and abandoning module ShaderFormatD3D (149)
[2018.11.30-16.48.54:277][785]LogModuleManager: Shutting down and abandoning module MetalShaderFormat (147)
[2018.11.30-16.48.54:285][785]LogModuleManager: Shutting down and abandoning module TextureFormatUncompressed (145)
[2018.11.30-16.48.54:285][785]LogModuleManager: Shutting down and abandoning module TextureFormatPVR (143)
[2018.11.30-16.48.54:285][785]LogModuleManager: Shutting down and abandoning module TextureFormatDXT (141)
[2018.11.30-16.48.54:285][785]LogModuleManager: Shutting down and abandoning module TextureFormatIntelISPCTexComp (139)
[2018.11.30-16.48.54:319][785]LogModuleManager: Shutting down and abandoning module TextureFormatASTC (137)
[2018.11.30-16.48.54:319][785]LogModuleManager: Shutting down and abandoning module ImageWrapper (136)
[2018.11.30-16.48.54:319][785]LogModuleManager: Shutting down and abandoning module TextureFormatAndroid (133)
[2018.11.30-16.48.54:326][785]LogModuleManager: Shutting down and abandoning module AudioFormatOpus (131)
[2018.11.30-16.48.54:326][785]LogModuleManager: Shutting down and abandoning module AudioFormatOgg (129)
[2018.11.30-16.48.54:326][785]LogModuleManager: Shutting down and abandoning module AudioFormatADPCM (127)
[2018.11.30-16.48.54:326][785]LogModuleManager: Shutting down and abandoning module LuminTargetPlatform (125)
[2018.11.30-16.48.54:346][785]LogModuleManager: Shutting down and abandoning module LinuxTargetPlatform (123)
[2018.11.30-16.48.54:346][785]LogModuleManager: Shutting down and abandoning module LinuxServerTargetPlatform (121)
[2018.11.30-16.48.54:346][785]LogModuleManager: Shutting down and abandoning module LinuxNoEditorTargetPlatform (119)
[2018.11.30-16.48.54:355][785]LogModuleManager: Shutting down and abandoning module LinuxClientTargetPlatform (117)
[2018.11.30-16.48.54:362][785]LogModuleManager: Shutting down and abandoning module TVOSTargetPlatform (115)
[2018.11.30-16.48.54:385][785]LogModuleManager: Shutting down and abandoning module Messaging (113)
[2018.11.30-16.48.54:385][785]LogModuleManager: Shutting down and abandoning module IOSTargetPlatform (111)
[2018.11.30-16.48.54:391][785]LogModuleManager: Shutting down and abandoning module HTML5TargetPlatform (109)
[2018.11.30-16.48.54:403][785]LogModuleManager: Shutting down and abandoning module AndroidTargetPlatform (107)
[2018.11.30-16.48.54:463][785]LogModuleManager: Shutting down and abandoning module WindowsTargetPlatform (105)
[2018.11.30-16.48.54:463][785]LogModuleManager: Shutting down and abandoning module WindowsServerTargetPlatform (103)
[2018.11.30-16.48.54:463][785]LogModuleManager: Shutting down and abandoning module WindowsNoEditorTargetPlatform (101)
[2018.11.30-16.48.54:463][785]LogModuleManager: Shutting down and abandoning module WindowsClientTargetPlatform (99)
[2018.11.30-16.48.54:464][785]LogModuleManager: Shutting down and abandoning module MacTargetPlatform (97)
[2018.11.30-16.48.54:464][785]LogModuleManager: Shutting down and abandoning module MacServerTargetPlatform (95)
[2018.11.30-16.48.54:464][785]LogModuleManager: Shutting down and abandoning module MacNoEditorTargetPlatform (93)
[2018.11.30-16.48.54:464][785]LogModuleManager: Shutting down and abandoning module MacClientTargetPlatform (91)
[2018.11.30-16.48.54:468][785]LogModuleManager: Shutting down and abandoning module AllDesktopTargetPlatform (89)
[2018.11.30-16.48.54:469][785]LogModuleManager: Shutting down and abandoning module InputCore (86)
[2018.11.30-16.48.54:469][785]LogModuleManager: Shutting down and abandoning module Settings (84)
[2018.11.30-16.48.54:469][785]LogModuleManager: Shutting down and abandoning module PhysXCooking (82)
[2018.11.30-16.48.54:469][785]LogModuleManager: Shutting down and abandoning module SteamVR (80)
[2018.11.30-16.48.54:469][785]LogHMD: Freeing OpenVRDLLHandle.
[2018.11.30-16.48.54:469][785]LogModuleManager: Shutting down and abandoning module OculusHMD (78)
[2018.11.30-16.48.54:469][785]LogModuleManager: Shutting down and abandoning module ExampleDeviceProfileSelector (76)
[2018.11.30-16.48.54:469][785]LogModuleManager: Shutting down and abandoning module LauncherChunkInstaller (74)
[2018.11.30-16.48.54:469][785]LogModuleManager: Shutting down and abandoning module OnlineBlueprintSupport (72)
[2018.11.30-16.48.54:469][785]LogModuleManager: Shutting down and abandoning module OnlineSubsystem (68)
[2018.11.30-16.48.54:494][785]LogModuleManager: Shutting down and abandoning module XMPP (63)
[2018.11.30-16.48.54:525][785]LogModuleManager: Shutting down and abandoning module WebSockets (62)
[2018.11.30-16.48.54:598][785]LogModuleManager: Shutting down and abandoning module HTTP (59)
[2018.11.30-16.48.54:598][785]LogHttp: Display: Http module shutting down, but needs to wait on 1 outstanding Http requests:
[2018.11.30-16.48.54:598][785]LogHttp: Display: 	verb=[POST] url=[https://datarouter.ol.epicgames.com/datarouter/api/v1/public/data?SessionID=%7B631C61A8-4613-C3E2-14CE-038DFCE2C4F4%7D&AppID=UEEditor.Rocket.Release&AppVersion=4.21.0-4541578%2B%2B%2BUE4%2BRelease-4.21&UserID=a4deaa2f4026df56b1f67eb609966e14%7Ca5a0b262ca0446e7844f7f6a7f800465%7C163cc868-401f-45b5-8c78-1d51f4afbe72&AppEnvironment=datacollector-binary&UploadType=eteventstream] status=Processing
[2018.11.30-16.48.54:660][785]LogModuleManager: Shutting down and abandoning module SSL (58)
[2018.11.30-16.48.54:693][785]LogModuleManager: Shutting down and abandoning module MagicLeapIdentity (54)
[2018.11.30-16.48.54:693][785]LogModuleManager: Shutting down and abandoning module MagicLeapHelperVulkan (52)
[2018.11.30-16.48.54:693][785]LogModuleManager: Shutting down and abandoning module MagicLeapHelperOpenGL (50)
[2018.11.30-16.48.54:693][785]LogModuleManager: Shutting down and abandoning module MagicLeapSecureStorage (48)
[2018.11.30-16.48.54:693][785]LogModuleManager: Shutting down and abandoning module MagicLeapHandTracking (46)
[2018.11.30-16.48.54:702][785]LogModuleManager: Shutting down and abandoning module MagicLeapEyeTracker (44)
[2018.11.30-16.48.54:702][785]LogModuleManager: Shutting down and abandoning module MagicLeapController (42)
[2018.11.30-16.48.54:702][785]LogSlate: Slate User Destroyed.  User Index 0, Is Virtual User: 0
[2018.11.30-16.48.54:702][785]LogModuleManager: Shutting down and abandoning module MagicLeap (40)
[2018.11.30-16.48.54:720][785]LogModuleManager: Shutting down and abandoning module DatasmithContent (38)
[2018.11.30-16.48.54:721][785]LogModuleManager: Shutting down and abandoning module AnimationModifiers (36)
[2018.11.30-16.48.54:732][785]LogModuleManager: Shutting down and abandoning module PropertyEditor (35)
[2018.11.30-16.48.54:753][785]LogModuleManager: Shutting down and abandoning module AudioEditor (32)
[2018.11.30-16.48.54:775][785]LogModuleManager: Shutting down and abandoning module TextureCompressor (30)
[2018.11.30-16.48.54:782][785]LogModuleManager: Shutting down and abandoning module ShaderCore (28)
[2018.11.30-16.48.54:782][785]LogModuleManager: Shutting down and abandoning module Landscape (26)
[2018.11.30-16.48.54:782][785]LogModuleManager: Shutting down and abandoning module SlateRHIRenderer (24)
[2018.11.30-16.48.54:785][785]LogModuleManager: Shutting down and abandoning module OpenGLDrv (22)
[2018.11.30-16.48.54:795][785]LogModuleManager: Shutting down and abandoning module D3D11RHI (20)
[2018.11.30-16.48.54:795][785]LogModuleManager: Shutting down and abandoning module AnimGraphRuntime (18)
[2018.11.30-16.48.54:795][785]LogModuleManager: Shutting down and abandoning module Renderer (16)
[2018.11.30-16.48.54:795][785]LogModuleManager: Shutting down and abandoning module Engine (14)
[2018.11.30-16.48.54:795][785]LogModuleManager: Shutting down and abandoning module CoreUObject (12)
[2018.11.30-16.48.54:795][785]LogModuleManager: Shutting down and abandoning module NetworkFile (10)
[2018.11.30-16.48.54:797][785]LogModuleManager: Shutting down and abandoning module CookedIterativeFile (8)
[2018.11.30-16.48.54:797][785]LogModuleManager: Shutting down and abandoning module StreamingFile (6)
[2018.11.30-16.48.54:800][785]LogModuleManager: Shutting down and abandoning module SandboxFile (4)
[2018.11.30-16.48.54:811][785]LogModuleManager: Shutting down and abandoning module PakFile (2)
[2018.11.30-16.48.54:841][785]LogExit: Exiting.
[2018.11.30-16.48.54:865][785]Log file closed, 11/30/18 13:48:54
